[1/1667] add_histograms_queue_test.AddH...stCreateRowEntities_AddsTraceUri passed
[2/1667] add_histograms_queue_test.AddH...FailsWithNonSingularRevisionInfo passed
[3/1667] add_histograms_queue_test.AddH...ramsQueueTest.testGetUnitArgs_Up passed
[4/1667] add_histograms_queue_test.AddH...msQueueTest.testGetUnitArgs_Down passed
[5/1667] add_histograms_queue_test.AddH...ies_DoesNotAddTraceUriForSummary passed
[6/1667] add_histograms_queue_test.AddH...ueueTest.testGetUnitArgs_Unknown passed
[7/1667] add_histograms_queue_test.AddH...otAddTraceUriIfDiagnosticIsEmpty passed
[8/1667] add_histograms_queue_test.AddH...es_DoesntAddRowForEmptyHistogram passed
[9/1667] add_histograms_queue_test.AddH...eRowEntities_SuffixesRefProperly passed
[10/1667] add_histograms_queue_test.Add...es_UsesStandardDeviationProperty passed
[11/1667] add_histograms_queue_test.Add...CreatesNoTestsOrRowsOrHistograms passed
[12/1667] add_histograms_queue_test.Add...sQueueTest.testCreateRowEntities passed
[13/1667] add_histograms_queue_test.Add...ntities_WithCustomSummaryOptions passed
[14/1667] add_histograms_queue_test.Add...ostHistogram_FailToCreateFixture passed
[15/1667] add_histograms_queue_test.Add...am_FiltersBenchmarkTotalDuration passed
[16/1667] add_histograms_queue_test.Add...yCreatesAvgRowForMemoryBenchmark passed
[17/1667] add_histograms_queue_test.Add...CreatesNoLegacyRowsForLegacyTest passed
[18/1667] add_histograms_queue_test.Add...stHistogram_KeepsWeirdStatistics passed
[19/1667] add_histograms_queue_test.Add...tHistogram_SuffixesHistogramName passed
[20/1667] add_histograms_queue_test.Add...pleHistogram_FailToCreateFixture passed
[21/1667] add_histograms_test.AddHistog..._BenchmarkTotalDuration_Filtered passed
[22/1667] add_histograms_queue_test.Add...stogram_FailWithNonStringMessage passed
[23/1667] add_histograms_queue_test.Add...tionToken.testPostHistogram_Fail passed
[24/1667] add_histograms_queue_test.Add...eTest.testPostHistogram_Internal passed
[25/1667] add_histograms_queue_test.Add...tPostHistogram_V8StatsNotSpecial passed
[26/1667] add_histograms_queue_test.Add...stogram_StoresUnescapedStoryName passed
[27/1667] add_histograms_queue_test.Add...stHistogram_WithFreshDiagnostics passed
[28/1667] add_histograms_test.AddHistog...testPost_IllegalMasterName_Fails passed
[29/1667] add_histograms_queue_test.Add...nToken.testPostHistogram_Success passed
[30/1667] add_histograms_queue_test.Add...istogram_WithDifferentDiagnostic passed
[31/1667] add_histograms_test.AddHistog...st.testPost_IllegalBotName_Fails passed
[32/1667] add_histograms_test.AddHistog...estPost_DuplicateHistogram_Fails passed
[33/1667] add_histograms_test.AddHistog....testPost_IllegalSuiteName_Fails passed
[34/1667] add_histograms_queue_test.Add...PostHistogram_WithSameDiagnostic passed
[35/1667] add_histograms_queue_test.Add...gramsQueueTest.testPostHistogram passed
[36/1667] add_histograms_test.AddHistog...testPost_EmptyHistogram_NotAdded passed
[37/1667] add_histograms_test.AddHistog...ToEndTest.testPost_NotZlib_Fails passed
[38/1667] add_histograms_test.AddHistog...st_DiagnosticsInternalOnly_False passed
[39/1667] add_histograms_test.AddHistog...ost_DiagnosticsInternalOnly_True passed
[40/1667] add_histograms_test.AddHistog...EndTest.testPost_BuildUrls_Added passed
[41/1667] add_histograms_test.AddHistog...ndToEndTest.testPost_NamesAreSet passed
[42/1667] add_histograms_test.AddHistog...ToEndTest.testPost_PurgesBinData passed
[43/1667] add_histograms_test.AddHistogramsTest.testComputeRevision passed
[44/1667] add_histograms_test.AddHistog...msEndToEndTest.testPost_Succeeds passed
[45/1667] add_histograms_test.AddHistog...omputeRevision_NoRevision_Raises passed
[46/1667] add_histograms_test.AddHistog...omputeRevision_NotInteger_Raises passed
[47/1667] add_histograms_test.AddHistog...estComputeRevision_RaisesOnError passed
[48/1667] add_histograms_test.AddHistog...evision_PointIdNotInteger_Raises passed
[49/1667] add_histograms_test.AddHistog...visionTimestampNotInteger_Raises passed
[50/1667] add_histograms_queue_test.Add...ipleHistogram_MeasurementExpired passed
[51/1667] add_histograms_test.AddHistog...uteRevision_UsesPointIdIfPresent passed
[52/1667] add_histograms_test.AddHistog...UsesRevisionTimestampIfNecessary passed
[53/1667] add_histograms_test.AddHistog...tFindSuiteLevelSparseDiagnostics passed
[54/1667] add_histograms_test.AddHistog...st.testLogDebugInfo_NoHistograms passed
[55/1667] add_histograms_test.AddHistog...dHistogramLevelSparseDiagnostics passed
[56/1667] add_histograms_test.AddHistog...sTest.testLogDebugInfo_NoLogUrls passed
[57/1667] add_histograms_test.AddHistog...msTest.testLogDebugInfo_Succeeds passed
[58/1667] add_histograms_test.AddHistog...stHistogramFailsWithoutBenchmark passed
[59/1667] add_histograms_test.AddHistog...istogramFailsWithoutBuildbotInfo passed
[60/1667] add_histograms_test.AddHistog...togramFailsWithoutChromiumCommit passed
[61/1667] add_histograms_test.AddHistog...tHistogramFailsWithoutHistograms passed
[62/1667] add_histograms_test.AddHistog...st_SetsCorrectTestPathForSummary passed
[63/1667] add_histograms_test.AddHistog...SetsCorrectTestPathForNonSummary passed
[64/1667] add_histograms_test.AddHistog...orrectTestPathForTIRLabelSummary passed
[65/1667] add_histograms_test.AddHistog...sCorrectTestPathForSummaryAbsent passed
[66/1667] add_histograms_test.AddHistog...ntEndWithRef_ProcessTestIsCalled passed
[67/1667] add_histograms_test.AddHistog...agnosticByName_ErrorsIfDiverging passed
[68/1667] add_histograms_test.AddHistog...sHistogramLevelSparseDiagnostics passed
[69/1667] add_histograms_test.AddHistog...hSlashRef_ProcessTestIsNotCalled passed
[70/1667] add_histograms_test.AddHistog...esAlertGroupingSparseDiagnostics passed
[71/1667] add_histograms_test.AddHistog...stSparseDiagnosticsAreNotInlined passed
[72/1667] add_histograms_test.AddHistog...istogram_AddsNewSparseDiagnostic passed
[73/1667] add_histograms_test.AddHistog...HistogramSetsTestPathAndRevision passed
[74/1667] add_histograms_queue_test.Add...n.testPostMultipleHistogram_Fail passed
[75/1667] add_histograms_test.AddHistog...ogram_AddsSparseDiagnosticByName passed
[76/1667] add_histograms_test.AddHistog...DeduplicatesSameSparseDiagnostic passed
[77/1667] add_histograms_test.AddHistog...sSparseDiagnosticByName_OnlyOnce passed
[78/1667] add_histograms_test.AddHistog...estPost_AddHistogramProcessFails passed
[79/1667] add_histograms_queue_test.Add...stPostMultipleHistograms_Success passed
[80/1667] add_histograms_test.AddHistog...ostLogs_AddHistogramProcessFails passed
[81/1667] add_histograms_test.AddHistog...dToEndTest.testPost_ZlibSucceeds passed
[82/1667] add_histograms_test.AddHistog...rscoreRef_ProcessTestIsNotCalled passed
[83/1667] add_histograms_test.AddHistog...stPost_OutOfOrder_HistogramLevel passed
[84/1667] add_histograms_test.Decompres...rTest.testIncrementalJSONSupport passed
[85/1667] add_histograms_test.AddHistog...t.testPost_OutOfOrder_SuiteLevel passed
[86/1667] add_histograms_test.DecompressFileWrapperTest.testJSONFail passed
[87/1667] add_histograms_test.AddHistog...ost_MonitoredMeasurementSucceeds passed
[88/1667] add_point_queue_test.GetOrCre...stors_CreatesAllExpectedEntities passed
[89/1667] add_histograms_test.AddHistog...dTest.testPost_DeduplicateByName passed
[90/1667] add_point_queue_test.GetOrCre...teAncestors_GetsExistingEntities passed
[91/1667] add_point_test.AddPointTest.testParseColumns passed
[92/1667] add_point_queue_test.GetOrCre...tsImprovementDirectionForNewTest passed
[93/1667] add_point_test.AddPointTest.testPost_BadGraphName_DataRejected passed
[94/1667] add_point_test.AddPointTest.testPost_BadJson_DataRejected passed
[95/1667] add_point_test.AddPointTest.t...Post_BadRequestError_ErrorLogged passed
[96/1667] add_point_test.AddPointTest.t...oDeprecatedTest_ResetsDeprecated passed
[97/1667] add_histograms_test.AddHistog...t.testFullCycle_MeasurementFails passed
[98/1667] add_point_test.AddPointTest.t...hmarkName_NotString_DataRejected passed
[99/1667] add_histograms_test.AddHistog...nTokenTest.testPostLogs_Succeeds passed
[100/1667] add_point_test.AddPointTest....BenchmarkName_Slash_DataRejected passed
[101/1667] add_histograms_test.AddHisto...stPost_TokenExpiredBeforeProcess passed
[102/1667] add_point_test.AddPointTest....t_BotName_NotString_DataRejected passed
[103/1667] add_point_test.AddPointTest.testPost passed
[104/1667] add_histograms_test.AddHisto...st.testPost_DevAppserverSucceeds passed
[105/1667] add_point_test.AddPointTest....tPost_BotName_Slash_DataRejected passed
[106/1667] add_histograms_test.AddHisto...nTokenTest.testFullCycle_Success passed
[107/1667] add_point_test.AddPointTest.testPost_FormatV1_BadBot_Rejected passed
[108/1667] add_point_test.AddPointTest....Post_FormatV1_BadCharts_Rejected passed
[109/1667] add_point_test.AddPointTest....Post_FormatV1_BadMaster_Rejected passed
[110/1667] add_histograms_test.Decompre...rapperTest.testDecompressionFail passed
[111/1667] add_point_test.AddPointTest....ormatV1_EmptyCharts_NothingAdded passed
[112/1667] add_point_test.AddPointTest....ost_FormatV1_BadPointId_Rejected passed
[113/1667] add_histograms_test.DecompressFileWrapperTest.testBasic passed
[114/1667] add_point_test.AddPointTest.testPost_GarbageDict_Rejected passed
[115/1667] add_histograms_test.AddHisto...enTest.testPost_MeasurementFails passed
[116/1667] add_histograms_test.AddHisto...eteonTokenTest.testPost_Succeeds passed
[117/1667] add_point_test.AddPointTest....Post_IncompleteData_DataRejected passed
[118/1667] add_point_test.AddPointTest.testPost_InvalidRevision_Rejected passed
[119/1667] add_point_test.AddPointTest....lementalColumnName_ColumnDropped passed
[120/1667] add_histograms_test.AddHisto...estPost_TokenExpiredAfterProcess passed
[121/1667] add_point_test.AddPointTest....ost_InvalidZeroRevision_Rejected passed
[122/1667] add_point_test.AddPointTest....asterName_NotString_DataRejected passed
[123/1667] add_point_test.AddPointTest....st_MasterName_Slash_DataRejected passed
[124/1667] add_point_test.AddPointTest....lementalDataColumn_ColumnDropped passed
[125/1667] add_point_test.AddPointTest....Post_DirectionUpdatesWithUnitMap passed
[126/1667] add_point_test.AddPointTest....ashSupplementalRevision_Accepted passed
[127/1667] add_point_test.AddPointTest....pplementalRevision_DropsRevision passed
[128/1667] add_point_test.AddPointTest.testPost_LeadingSlash_Ignored passed
[129/1667] add_point_test.AddPointTest....lementalAnnotation_ColumnDropped passed
[130/1667] add_point_test.AddPointTest....lementalColumnName_ColumnDropped passed
[131/1667] add_point_test.AddPointTest....evisionAndNoVersionNums_Rejected passed
[132/1667] add_histograms_test.AddHisto...Histogram_OneToOneHistogramTasks passed
[133/1667] add_point_test.AddPointTest....stPost_FormatV1_StoryNameEscaped passed
[134/1667] add_point_test.AddPointTest.testPost_FormatV1_CorrectlyAdded passed
[135/1667] add_point_test.AddPointTest.testPost_NoValue_Rejected passed
[136/1667] add_point_test.AddPointTest....oint_UpdatesImprovementDirection passed
[137/1667] add_point_test.AddPointTest....WithNewUnits_TestUnitsAreUpdated passed
[138/1667] add_point_test.AddPointTest....FormatV1_StoryNameEscapedUpdated passed
[139/1667] add_point_test.AddPointTest....ameHasDoubleUnderscores_Rejected passed
[140/1667] add_point_test.AddPointTest.testPost_NewTest_AddsUnits passed
[141/1667] add_point_test.AddPointTest....ointsWithCloseRevisions_Accepted passed
[142/1667] add_point_test.AddPointTest....t_NewSuite_CachedSubTestsDeleted passed
[143/1667] add_point_test.AddPointTest....st_TestPathTooLong_PointRejected passed
[144/1667] add_point_test.AddPointTest....oTestSuiteName_BenchmarkNameUsed passed
[145/1667] add_point_test.AddPointTest....wTest_ClosestsAnomlyConfigIsUsed passed
[146/1667] add_point_test.FlattenTraceT...DashboardJsonToRawRows_WithIsRef passed
[147/1667] add_point_test.AddPointTest.testPost_RevisionTooLow_Rejected passed
[148/1667] add_point_test.FlattenTraceT...ddsImprovementDirectionIfPresent passed
[149/1667] add_point_test.AddPointTest....hSlashRef_ProcessTestIsNotCalled passed
[150/1667] add_point_test.AddPointTest.testPost_RevisionTooHigh_Rejected passed
[151/1667] add_point_test.FlattenTraceT...t.testFlattenTrace_CoreTraceName passed
[152/1667] add_point_test.FlattenTraceT...tAddImprovementDirectionIfAbsent passed
[153/1667] add_point_test.FlattenTraceT...ttensGroupingLabelToFivePartName passed
[154/1667] add_point_test.FlattenTraceT....testFlattenTrace_HistogramValue passed
[155/1667] add_point_test.FlattenTraceT...ImprovementDirectionCannotBeNone passed
[156/1667] add_point_test.FlattenTraceT...e_InvalidScalarValue_RaisesError passed
[157/1667] add_point_test.FlattenTraceT...estFlattenTrace_InvalidTraceType passed
[158/1667] add_point_test.FlattenTraceT...t.testFlattenTrace_ListNoneValue passed
[159/1667] add_point_test.FlattenTraceT...istNoneValueNoReason_RaisesError passed
[160/1667] add_point_test.FlattenTraceTest.testFlattenTrace_ListValue passed
[161/1667] add_point_test.AddPointTest....rscoreRef_ProcessTestIsNotCalled passed
[162/1667] add_point_test.FlattenTraceT...e_ListContainsString_RaisesError passed
[163/1667] add_point_test.FlattenTraceT...ce_ListValueNotAList_RaisesError passed
[164/1667] add_point_test.FlattenTraceT...estFlattenTrace_ListValueWithStd passed
[165/1667] add_point_test.FlattenTraceT...FlattenTrace_ListValue_WithLongs passed
[166/1667] add_point_test.FlattenTraceT...e_RejectsBadImprovementDirection passed
[167/1667] add_point_test.FlattenTraceT....testFlattenTrace_PreservesUnits passed
[168/1667] add_point_test.FlattenTraceT...NonSummaryTraceName_SetCorrectly passed
[169/1667] add_point_test.FlattenTraceT...spectsIsRefForDifferentTraceName passed
[170/1667] add_point_test.FlattenTraceT...ce_RespectsIsRefForSameTraceName passed
[171/1667] add_point_test.FlattenTraceT...tFlattenTrace_SanitizesTraceName passed
[172/1667] add_point_test.AddPointTest....ntEndWithRef_ProcessTestIsCalled passed
[173/1667] add_point_test.FlattenTraceT...testFlattenTrace_ScalarLongValue passed
[174/1667] add_point_test.FlattenTraceT...testFlattenTrace_ScalarNoneValue passed
[175/1667] add_point_test.FlattenTraceTest.testFlattenTrace_ScalarValue passed
[176/1667] add_point_test.AddPointTest.testPost_WithBadValue_Rejected passed
[177/1667] add_point_test.AddPointTest.testPost_OauthUser_Authorized passed
[178/1667] add_point_test.AddPointTest....uiteNameIsNone_BenchmarkNameUsed passed
[179/1667] add_point_test.AddPointTest....ooManyColumns_SomeColumnsDropped passed
[180/1667] add_point_test.AddPointTest.testPost_TrailingSlash_Ignored passed
[181/1667] add_point_test.AddPointTest....ointErrorValue_ErrorValueDropped passed
[182/1667] add_point_test.AddPointTest....est_AnomalyConfigPropertyIsAdded passed
[183/1667] add_point_test.AddPointTest.testPost_ValidRow_CorrectlyAdded passed
[184/1667] alert_groups_test.GroupReportTest.testCreatingUngrouped passed
[185/1667] alert_groups_test.GroupReportTest.testNoGroup passed
[186/1667] alert_groups_test.GroupReportTest.testCreatingGroup passed
[187/1667] alert_groups_test.GroupRepor...ultipleAltertsGroupingPointRange passed
[188/1667] alert_groups_test.GroupReportTest.testArchiveAltertsGroup passed
[189/1667] alert_groups_test.GroupRepor...tipleAltertsGroupingDifferentBot passed
[190/1667] alert_groups_test.GroupRepor...pleAltertsGroupingDifferentSuite passed
[191/1667] alert_groups_test.GroupRepor...stArchiveAltertsGroupIssueClosed passed
[192/1667] alert_groups_test.GroupRepor...t.testTriageAltertsGroupNoOwners passed
[193/1667] add_histograms_test.AddHisto...stogram_TooManyHistograms_Splits passed
[194/1667] alert_groups_test.NonChromiu...stFileIssue_InChromiumExplicitly passed
[195/1667] alert_groups_test.GroupRepor...ipleAltertsGroupingOverrideSuite passed
[196/1667] alert_groups_test.GroupReportTest.testTriageAltertsGroup passed
[197/1667] alerts_test.AlertsTest.testGet passed
[198/1667] alert_groups_test.GroupReportTest.testAddAlertsAfterTriage passed
[199/1667] alerts_test.AlertsTest.testP...InternalOnlySheriff_ErrorMessage passed
[200/1667] alert_groups_test.GroupRepor...fferentDomain_BeforeGroupCreated passed
[201/1667] alert_groups_test.GroupRepor...ifferentDomain_AfterGroupCreated passed
[202/1667] alerts_test.AlertsTest.testP...WithBogusSheriff_HasErrorMessage passed
[203/1667] alert_groups_test.GroupRepor...p_MultipleBenchmarks failed as expected
[204/1667] alert_groups_test.NonChromiu...iage.testAlertGroups_NonChromium passed
[205/1667] alerts_test.AlertsTest.testV2 passed
[206/1667] api.alerts_test.AlertsGeneralTest.testAllExternal passed
[207/1667] alert_groups_test.NonChromiu...ge.testAlertGroups_OnePerProject passed
[208/1667] api.alerts_test.AlertsGeneralTest.testBot passed
[209/1667] alert_groups_test.GroupRepor...leAltertsGroupingMultipleSheriff passed
[210/1667] api.alerts_test.AlertsGeneralTest.testBugId passed
[211/1667] api.alerts_test.AlertsGeneralTest.testIsImprovement_Invalid passed
[212/1667] api.alerts_test.AlertsGeneralTest.testAllInequalityFilters passed
[213/1667] api.alerts_test.AlertsGeneralTest.testKeyInternal_External passed
[214/1667] api.alerts_test.AlertsGeneralTest.testCountLimit passed
[215/1667] api.alerts_test.AlertsGeneralTest.testKey passed
[216/1667] api.alerts_test.AlertsGeneralTest.testKeyInternal_Internal passed
[217/1667] api.alerts_test.AlertsGeneralTest.testIsImprovement passed
[218/1667] api.alerts_test.AlertsGeneralTest.testLimit passed
[219/1667] api.alerts_test.AlertsGeneralTest.testMaxEndRevision passed
[220/1667] alert_groups_test.RecoveredAlertsTests.testNoRecovered passed
[221/1667] api.alerts_test.AlertsGeneralTest.testMaxTimestamp passed
[222/1667] api.alerts_test.AlertsGeneralTest.testMaster passed
[223/1667] api.alerts_test.AlertsGeneralTest.testMinEndRevision passed
[224/1667] api.alerts_test.AlertsGeneralTest.testMaxStartRevision passed
[225/1667] api.alerts_test.AlertsGeneralTest.testRecovered_Invalid passed
[226/1667] api.alerts_test.AlertsGeneralTest.testMinStartRevision passed
[227/1667] api.alerts_test.AlertsGeneralTest.testMinTimestamp passed
[228/1667] alert_groups_test.RecoveredA...ts.testClosesIssueOnAllRecovered passed
[229/1667] alerts_test.AlertsTest.testP...ametersSet_UntriagedAlertsListed passed
[230/1667] api.api_auth_test.ApiAuthTest.testEmail passed
[231/1667] api.api_auth_test.ApiAuthTest.testEmail_NoUser passed
[232/1667] api.api_auth_test.ApiAuthTest.testPost_NoUser passed
[233/1667] api.alerts_test.AlertsGeneralTest.testSheriff passed
[234/1667] api.api_auth_test.ApiAuthTes...st_AuthorizedUser_NotInAllowlist passed
[235/1667] api.alerts_test.AlertsGeneralTest.testRecovered passed
[236/1667] api.api_auth_test.ApiAuthTes...iceAccount_NotInChromeperfAccess passed
[237/1667] api.api_auth_test.ApiAuthTes...AuthUser_User_InChromeperfAccess passed
[238/1667] alerts_test.AlertsTest.testP...riagedParameterSet_TriagedListed passed
[239/1667] api.api_auth_test.ApiAuthTest.testPost_OAuthUser passed
[240/1667] api.api_auth_test.ApiAuthTes...hUser_User_NotInChromeperfAccess passed
[241/1667] api.api_auth_test.ApiAuthTes...estPost_OAuthUser_ServiceAccount passed
[242/1667] api.api_auth_test.ApiAuthTest.testPost_OauthUser_Unauthorized passed
[243/1667] api.api_request_handler_test...stOptions_NoOrigin_HeadersNotSet passed
[244/1667] api.api_request_handler_test...ions_InvalidOrigin_HeadersNotSet passed
[245/1667] api.api_request_handler_test...t.testPost_Authorized_PostCalled passed
[246/1667] api.api_request_handler_test...t.testPost_ForbiddenError_Raised passed
[247/1667] api.api_request_handler_test...Post_InvalidOrigin_HeadersNotSet passed
[248/1667] api.api_request_handler_test...dlerTest.testPost_BadRequest_400 passed
[249/1667] api.api_request_handler_test...stPost_ValidDevOrigin_HeadersSet passed
[250/1667] api.api_request_handler_test...dlerTest.testPost_OAuthError_403 passed
[251/1667] api.api_request_handler_test...tPost_Unauthorized_PostNotCalled passed
[252/1667] api.api_request_handler_test...st.testPost_NotLoggedInError_401 passed
[253/1667] api.api_request_handler_test...tPost_ValidProdOrigin_HeadersSet passed
[254/1667] api.alerts_test.AlertsGeneralTest.testTestSuite passed
[255/1667] api.bugs_test.BugsTest.testPost_BadOauthClientId passed
[256/1667] api.alerts_test.AlertsGeneralTest.testTest passed
[257/1667] api.bugs_test.BugsTest.testPost_NoOauthUser passed
[258/1667] api.bugs_test.BugsTest.testP...ithAlternateUrlWorksWithProjects passed
[259/1667] api.bugs_test.BugsTest.testPost_Recent passed
[260/1667] api.bugs_test.BugsTest.testPost_WithValidBugButNoComments passed
[261/1667] api.bugs_test.BugsTest.testP...InvalidBugIdParameter_ShowsError passed
[262/1667] api.bugs_test.BugsTest.testPost_WithValidBug_ShowsData passed
[263/1667] api.bugs_test.BugsTest.testPost_NoAccess_ShowsError passed
[264/1667] alerts_test.AlertsTest.testP...tsParameterSet_ListsImprovements passed
[265/1667] alert_groups_test.RecoveredAlertsTests.testStartAutoBisection passed
[266/1667] api.alerts_test.AlertsGeneralTest.testReport passed
[267/1667] api.existing_bug_test.ExistingBugTest.testInvalidUser passed
[268/1667] api.config_test.ConfigTest.testNotInAllowlist passed
[269/1667] alerts_test.AlertsTest.testP...Set_ReturnsNextCursorAndShowMore passed
[270/1667] api.config_test.ConfigTest.testAnonymous passed
[271/1667] api.existing_bug_test.ExistingBugTest.testSuccess passed
[272/1667] api.nudge_alert_test.NudgeAlertTest.testInvalidUser passed
[273/1667] api.new_bug_test.NewBugTest.testInvalidUser passed
[274/1667] api.report_generate_test.Rep...erateTest.testInternal_GetReport passed
[275/1667] api.report_generate_test.Rep...rateTest.testAnonymous_GetReport passed
[276/1667] api.report_generate_test.ReportGenerateTest.testInvalid passed
[277/1667] api.report_template_test.Rep...teTest.testAnonymous_PutTemplate passed
[278/1667] api.report_names_test.ReportNamesTest.testInternal passed
[279/1667] api.report_names_test.ReportNamesTest.testAnonymous passed
[280/1667] api.report_template_test.ReportTemplateTest.testInvalid passed
[281/1667] api.report_template_test.Rep...ateTest.testInternal_PutTemplate passed
[282/1667] api.report_template_test.ReportTemplateTest.testUnprivileged passed
[283/1667] api.report_template_test.Rep...Test.testInternal_UpdateTemplate passed
[284/1667] api.new_bug_test.NewBugTest.testHasCC passed
[285/1667] alert_groups_test.RecoveredA...alClosedIssuesWithNewRegressions passed
[286/1667] alert_groups_test.RecoveredA...nsClosedIssuesWithNewRegressions passed
[287/1667] api.config_test.ConfigTest.testInternal passed
[288/1667] api.nudge_alert_test.NudgeAlertTest.testSuccess passed
[289/1667] api.describe_test.DescribeTest.testAnonymous passed
[290/1667] api.test_suites_test.TestSuitesTest.testExternal passed
[291/1667] api.test_suites_test.TestSuitesTest.testAnonymous passed
[292/1667] api.test_suites_test.TestSuitesTest.testInternal passed
[293/1667] alerts_test.AlertsTest.testP...eterSet_OtherSheriffAlertsListed passed
[294/1667] api.timeseries2_test.Timeseries2Test.testAnnotations passed
[295/1667] api.alerts_test.AlertsGeneralTest.testUntilFound passed
[296/1667] api.timeseries_test.Timeseri...Post_NegativeNumDays_400Response passed
[297/1667] api.timeseries_test.Timeseri...ost_NumDaysNotNumber_400Response passed
[298/1667] api.new_bug_test.NewBugTest.testSuccess passed
[299/1667] api.utils_test.ParseBoolTest.testFalseValues passed
[300/1667] api.utils_test.ParseBoolTest.testInvalidValueRaises passed
[301/1667] api.utils_test.ParseBoolTest.testNoneValueIsNone passed
[302/1667] api.utils_test.ParseBoolTest.testTrueValues passed
[303/1667] api.describe_test.DescribeTest.testInternal passed
[304/1667] api.timeseries_test.Timeseri...xternalUserInternalData_500Error passed
[305/1667] api.timeseries_test.Timeseri...ost_TestPath_ReturnsInternalData passed
[306/1667] api.timeseries_test.Timeseri...testPost_NumDays_ChecksTimestamp passed
[307/1667] associate_alerts_test.Associ...tsTest.testGet_NoKeys_ShowsError passed
[308/1667] api.timeseries2_test.Timeseries2Test.testProjection passed
[309/1667] api.timeseries2_test.Timeseries2Test.testHistogramsOnly passed
[310/1667] associate_alerts_test.AssociateAlertsTest.testGet_SameAsPost passed
[311/1667] associate_alerts_test.Associ....testGet_InvalidBugId_ShowsError passed
[312/1667] api.timeseries2_test.Timeser...t.testInternalData_AnonymousUser passed
[313/1667] associate_alerts_test.Associ...Test.testGet_NoBugId_ShowsDialog passed
[314/1667] associate_alerts_test.Associ...erlap_CommonBoundary_ReturnsTrue passed
[315/1667] associate_alerts_test.Associ...rlap_NonOverlapping_ReturnsFalse passed
[316/1667] associate_alerts_test.Associ...esOverlap_NoneGiven_ReturnsFalse passed
[317/1667] associate_alerts_test.Associ...lap_OneIncludesOther_ReturnsTrue passed
[318/1667] associate_alerts_test.Associ...verlap_PartlyOverlap_ReturnsTrue passed
[319/1667] associate_alerts_test.Associ...est.testRevisionRangeFromSummary passed
[320/1667] api.timeseries2_test.Timeseries2Test.testNotFound passed
[321/1667] associate_alerts_test.Associ...appingAlerts_AsksForConfirmation passed
[322/1667] api.timeseries2_test.Timeseries2Test.testRevisionRange passed
[323/1667] associate_alerts_test.Associ...Alerts_DoesNotAskForConfirmation passed
[324/1667] bug_details_test.BugDetailsHandlerTest.testPost was skipped
[325/1667] buildbucket_job_status_test....obStatusTest.testGet_ExistingJob passed
[326/1667] buildbucket_job_test.BuildbucketJobTest.testCreateJob passed
[327/1667] buildbucket_job_test.Buildbu...tJobTest.testMissingRequiredArgs passed
[328/1667] buildbucket_job_status_test....obStatusTest.testGet_JobNotFound passed
[329/1667] api.timeseries2_test.Timeseries2Test.testTimestampRange passed
[330/1667] auto_bisect_test.StartNewBis...ug_UnbisectableTest_ReturnsError passed
[331/1667] can_bisect_test.CanBisectTes...geBisects_NoDomains_ReturnsFalse passed
[332/1667] can_bisect_test.CanBisectTes...rTriageBisects_Match_ReturnsTrue passed
[333/1667] auto_bisect_test.StartNewBis...orBug_Pinpoint_ParamsRaisesError passed
[334/1667] can_bisect_test.CanBisectTes...iageBisects_NoMatch_ReturnsFalse passed
[335/1667] auto_bisect_test.StartNewBis...Bug_DenylistedMaster_RaisesError passed
[336/1667] api.timeseries2_test.Timeser...tMixOldStyleRowsWithNewStyleRows passed
[337/1667] can_bisect_test.CanBisectTes...sect_BisectableTests_ReturnsTrue passed
[338/1667] associate_alerts_test.Associ...BugId_AlertIsAssociatedWithBugId passed
[339/1667] can_bisect_test.CanBisectTes...stForBisect_RefTest_ReturnsFalse passed
[340/1667] can_bisect_test.CanBisectTes...tForBisect_Supported_ReturnsTrue passed
[341/1667] common.clustering_change_det...tectorTest.testClusterAndCompare passed
[342/1667] can_bisect_test.CanBisectTes...alidTestForBisect_V8_IsSupported passed
[343/1667] can_bisect_test.CanBisectTes...t_UnsupportedDomain_ReturnsFalse passed
[344/1667] common.bot_configurations_test.ConfigTest.testGet passed
[345/1667] associate_alerts_test.Associ...thConfirm_AssociatesWithNewBugId passed
[346/1667] common.bot_configurations_test.ConfigTest.testGetWithAlias passed
[347/1667] common.bot_configurations_test.ConfigTest.testList passed
[348/1667] associate_alerts_test.Associ...sAssociatedWithBugIdAndNoProject passed
[349/1667] api.timeseries2_test.Timeseries2Test.testCollateAllColumns passed
[350/1667] common.clustering_change_det...ctorTest.testClusterPartitioning passed
[351/1667] common.clustering_change_det...geDetectorTest.testMidpoint_Long passed
[352/1667] common.clustering_change_det...tectorTest.testMidpoint_LongEven passed
[353/1667] common.clustering_change_det...eDetectorTest.testMidpoint_Short passed
[354/1667] auto_bisect_test.StartNewBis...ewBisectForBug_Pinpoint_Succeeds passed
[355/1667] common.bot_configurations_test.ConfigTest.testAliases passed
[356/1667] auto_bisect_test.StartNewBis...stedMaster_SucceedsIfAlternative passed
[357/1667] common.clustering_change_det...t.testClusterAndFindSplit_Spikes passed
[358/1667] common.datastore_hooks_test....storeHooksTest.testGet_AdminUser passed
[359/1667] common.datastore_hooks_test....reHooksTest.testGet_ExternalUser passed
[360/1667] common.datastore_hooks_test....reHooksTest.testGet_InternalUser passed
[361/1667] common.clustering_change_det...t.testClusterAndFindSplit_Simple passed
[362/1667] common.datastore_hooks_test.DatastoreHooksTest.testGet_NoUser passed
[363/1667] common.clustering_change_det...st.testClusterAndFindSplit_Slope passed
[364/1667] common.clustering_change_det...rAndFindSplit_MinSegmentSizeZero passed
[365/1667] common.datastore_hooks_test....ksTest.testGet_PrivilegedRequest passed
[366/1667] common.datastore_hooks_test....ernalUser_InternalOnlyNotFetched passed
[367/1667] common.datastore_hooks_test....ry_NoUser_InternalOnlyNotFetched passed
[368/1667] common.datastore_hooks_test....InternalUser_InternalOnlyFetched passed
[369/1667] common.descriptor_test.DescriptorTest.testFromTestPath_Bot passed
[370/1667] common.datastore_hooks_test....legedRequest_InternalOnlyFetched passed
[371/1667] api.list_timeseries_test.ListTimeseriesTest.testPost_External passed
[372/1667] common.descriptor_test.DescriptorTest.testFromTestPath_All passed
[373/1667] common.datastore_hooks_test....legedRequest_InternalOnlyFetched passed
[374/1667] api.list_timeseries_test.Lis...stPost_AllSheriff_ListsAllV8Perf passed
[375/1667] common.clustering_change_det...st.testClusterAndFindSplit_Steps passed
[376/1667] common.descriptor_test.DescriptorTest.testFromTestPath_Ci passed
[377/1667] common.descriptor_test.DescriptorTest.testFromTestPath_Empty passed
[378/1667] common.descriptor_test.Descr...orTest.testFromTestPath_Ci_Lower passed
[379/1667] common.descriptor_test.Descr...stFromTestPath_InternalStatistic passed
[380/1667] common.descriptor_test.Descr...rTest.testFromTestPath_Groupable passed
[381/1667] common.descriptor_test.Descr...Test.testFromTestPath_Jank_Count passed
[382/1667] common.descriptor_test.Descr...torTest.testFromTestPath_Loading passed
[383/1667] common.descriptor_test.Descr...estFromTestPath_LongRunningTools passed
[384/1667] common.descriptor_test.Descr...est.testFromTestPath_Measurement passed
[385/1667] common.descriptor_test.DescriptorTest.testFromTestPath_Memory passed
[386/1667] common.descriptor_test.Descr...t.testFromTestPath_NoMitigations passed
[387/1667] common.descriptor_test.DescriptorTest.testFromTestPath_OneTwo passed
[388/1667] common.descriptor_test.Descr...torTest.testFromTestPath_Partial passed
[389/1667] common.descriptor_test.DescriptorTest.testFromTestPath_Pct passed
[390/1667] common.descriptor_test.DescriptorTest.testFromTestPath_Short passed
[391/1667] common.descriptor_test.DescriptorTest.testFromTestPath_Ref passed
[392/1667] common.descriptor_test.DescriptorTest.testFromTestPath_Sizes passed
[393/1667] common.descriptor_test.Descr...t.testFromTestPath_ResourceSizes passed
[394/1667] common.descriptor_test.DescriptorTest.testFromTestPath_Suite passed
[395/1667] common.descriptor_test.Descr...st.testFromTestPath_SystemHealth passed
[396/1667] common.descriptor_test.Descr...rTest.testFromTestPath_Statistic passed
[397/1667] common.descriptor_test.Descr...testFromTestPath_SystemHealthRef passed
[398/1667] common.descriptor_test.Descr...orTest.testFromTestPath_TestCase passed
[399/1667] common.descriptor_test.DescriptorTest.testFromTestPath_TwoTwo passed
[400/1667] common.descriptor_test.Descr...Test.testFromTestPath_V8Browsing passed
[401/1667] common.descriptor_test.Descr...orTest.testFromTestPath_Unparsed passed
[402/1667] common.descriptor_test.Descr...orTest.testToTestPath_BotAliases passed
[403/1667] common.descriptor_test.Descr....testToTestPath_LongRunningTools passed
[404/1667] common.descriptor_test.DescriptorTest.testToTestPath_Memory passed
[405/1667] common.descriptor_test.Descr...est.testToTestPath_ResourceSizes passed
[406/1667] common.descriptor_test.Descr...Test.testToTestPath_SystemHealth passed
[407/1667] common.descriptor_test.DescriptorTest.testToTestPath_OneTwo passed
[408/1667] common.descriptor_test.DescriptorTest.testToTestPath_TwoTwo passed
[409/1667] common.descriptor_test.DescriptorTest.testToTestPath_Sizes passed
[410/1667] common.descriptor_test.DescriptorTest.testToTestPaths_Bot passed
[411/1667] common.descriptor_test.DescriptorTest.testToTestPaths_All passed
[412/1667] common.descriptor_test.DescriptorTest.testToTestPaths_Empty passed
[413/1667] common.descriptor_test.DescriptorTest.testToTestPaths_Ci passed
[414/1667] common.descriptor_test.Descr...orTest.testToTestPaths_Composite passed
[415/1667] common.descriptor_test.Descr...torTest.testToTestPaths_Ci_Lower passed
[416/1667] common.histogram_helpers_tes...ComputeTestPathWithGroupingLabel passed
[417/1667] common.histogram_helpers_tes...uteTestPathWithIsRefWithoutStory passed
[418/1667] common.histogram_helpers_tes...ComputeTestPathWithIsRefAndStory passed
[419/1667] common.histogram_helpers_tes....testComputeTestPathWithoutStory passed
[420/1667] common.histogram_helpers_tes...est.testComputeTestPathWithStory passed
[421/1667] common.histogram_helpers_tes...romHistogram_NoTags_ReturnsEmpty passed
[422/1667] common.histogram_helpers_tes...stogram_NoValidTags_ReturnsEmpty passed
[423/1667] common.histogram_helpers_tes...omHistogram_ValidTags_SortsByKey passed
[424/1667] common.descriptor_test.Descr...orTest.testToTestPaths_Groupable passed
[425/1667] common.layered_cache_test.LayeredCacheTest.testExpireTime passed
[426/1667] common.layered_cache_test.La...est.testDeleteAllExpiredEntities passed
[427/1667] common.layered_cache_test.LayeredCacheTest.testDelete passed
[428/1667] common.layered_cache_test.La...CacheTest.testGetAndSet_External passed
[429/1667] common.layered_cache_test.La...edCacheTest.testGet_StoredObject passed
[430/1667] common.descriptor_test.DescriptorTest.testToTestPaths_Loading passed
[431/1667] common.math_utils_test.MathU...st.testDivide_ByZero_ReturnsZero passed
[432/1667] common.math_utils_test.MathUtilsTest.testIqr passed
[433/1667] common.math_utils_test.MathU...t.testMean_EmptyInput_ReturnsNan passed
[434/1667] common.math_utils_test.MathU...t.testDivide_UsesFloatArithmetic passed
[435/1667] common.math_utils_test.MathUtilsTest.testMean_OneValue passed
[436/1667] common.math_utils_test.MathUtilsTest.testMean_ShortList passed
[437/1667] common.math_utils_test.MathU..._SameAsAlternativeImplementation passed
[438/1667] common.math_utils_test.MathU...thList_UsesMeanOfMiddleTwoValues passed
[439/1667] common.math_utils_test.MathU...an_OddLengthList_UsesMiddleValue passed
[440/1667] common.math_utils_test.MathUtilsTest.testMedian_OneValue passed
[441/1667] common.math_utils_test.MathU...est.testPercentile_Interpolation passed
[442/1667] common.math_utils_test.MathUtilsTest.testPercentile_Max passed
[443/1667] common.math_utils_test.MathUtilsTest.testPercentile_Min passed
[444/1667] common.math_utils_test.MathU...lsTest.testPercentile_RoundIndex passed
[445/1667] common.math_utils_test.MathUtilsTest.testRelativeChange passed
[446/1667] common.math_utils_test.MathU...lativeChange_FromZero_ReturnsInf passed
[447/1667] common.math_utils_test.MathU...ativeChange_NoChange_ReturnsZero passed
[448/1667] common.math_utils_test.MathU...dDeviation_EmptyInput_ReturnsNan passed
[449/1667] common.math_utils_test.MathU...rdDeviation_OneValue_ReturnsZero passed
[450/1667] common.math_utils_test.MathU..._UsesPopulationStandardDeviation passed
[451/1667] common.math_utils_test.MathU...estVariance_EmptyList_ReturnsNan passed
[452/1667] common.layered_cache_test.LayeredCacheTest.testSet_TooBig passed
[453/1667] common.math_utils_test.MathU...testMedian_EmptyInput_ReturnsNan passed
[454/1667] common.layered_cache_test.LayeredCacheTest.testSetAndGet passed
[455/1667] common.math_utils_test.MathU...estVariance_OneValue_ReturnsZero passed
[456/1667] common.math_utils_test.MathU...ShortList_UsesPopulationVariance passed
[457/1667] common.descriptor_test.DescriptorTest.testToTestPaths_Pct passed
[458/1667] common.descriptor_test.Descr...Test.testToTestPaths_Measurement passed
[459/1667] common.namespaced_stored_obj....testGet_NothingSet_NoneReturned passed
[460/1667] common.descriptor_test.DescriptorTest.testToTestPaths_Ref passed
[461/1667] common.descriptor_test.Descr...orTest.testToTestPaths_Statistic passed
[462/1667] common.namespaced_stored_obj...rnalUser_ExternalVersionReturned passed
[463/1667] common.namespaced_stored_obj...rnalUser_ExternalVersionReturned passed
[464/1667] common.namespaced_stored_obj...rnalUser_InternalVersionReturned passed
[465/1667] common.descriptor_test.Descr...torTest.testToTestPaths_TestCase passed
[466/1667] common.namespaced_stored_obj..._ExternalUser_ExternalVersionSet passed
[467/1667] common.namespaced_stored_obj..._InternalUser_ExternalVersionSet passed
[468/1667] common.descriptor_test.DescriptorTest.testToTestPaths_Suite passed
[469/1667] common.namespaced_stored_obj..._InternalUser_InternalVersionSet passed
[470/1667] common.descriptor_test.Descr...rTest.testToTestPaths_V8Browsing passed
[471/1667] common.namespaced_stored_obj...t.testDelete_BothVersionsDeleted passed
[472/1667] common.clustering_change_det...AndFindSplit_SpikeAndLevelChange passed
[473/1667] common.report_query_test.ReportQueryTest.testEmptyTestCases passed
[474/1667] common.report_query_test.ReportQueryTest.testLatestRevision passed
[475/1667] common.report_query_test.ReportQueryTest.testIgnoreWrongUnits passed
[476/1667] common.report_query_test.ReportQueryTest.testCloseRevisions passed
[477/1667] common.report_query_test.Rep...tQueryTest.testMultipleRevisions passed
[478/1667] common.report_query_test.Rep...Test.testFallBackToSuffixedTests passed
[479/1667] common.report_query_test.Rep...yTest.testIgnoreRemovedTestCases passed
[480/1667] common.report_query_test.ReportQueryTest.testBotAliases passed
[481/1667] common.report_query_test.Rep...QueryTest.testIgnoreNewTestCases passed
[482/1667] common.utils_test.UtilsTest.testGetBuildDetailsFromStdioLink passed
[483/1667] common.utils_test.UtilsTest....lsFromStdioLink_DifferentBaseUrl passed
[484/1667] common.utils_test.UtilsTest....DetailsFromStdioLink_InvalidLink passed
[485/1667] common.stored_object_test.StoredObjectTest.testSetAndGet passed
[486/1667] common.stored_object_test.St...e_LargeObject_AllEntitiesDeleted passed
[487/1667] common.report_query_test.ReportQueryTest.testMultipleBots passed
[488/1667] common.utils_test.UtilsTest....llCommit_AutoRoll_ReturnsSheriff passed
[489/1667] common.utils_test.UtilsTest....ernalEntities_ReturnsAllEntities passed
[490/1667] common.stored_object_test.St...ctTest.testSetAndGet_LargeObject passed
[491/1667] common.utils_test.UtilsTest....llCommit_NotAutoroll_ReturnsNone passed
[492/1667] common.utils_test.UtilsTest.testIsAdministrator passed
[493/1667] common.utils_test.UtilsTest.testIsMonitored_Negative passed
[494/1667] common.utils_test.UtilsTest.testIsGroupMember_PositiveCase passed
[495/1667] common.utils_test.UtilsTest.testIsMonitored_Positive passed
[496/1667] common.utils_test.UtilsTest....stFails_LogsErrorAndReturnsFalse passed
[497/1667] common.utils_test.UtilsTest.testMatchesPattern_AllWildcards passed
[498/1667] common.utils_test.UtilsTest.testIsNotAdministrator passed
[499/1667] common.report_query_test.Rep...t.testNewStyleUnsuffixedDataRows passed
[500/1667] common.utils_test.UtilsTest....chesPattern_MorePartialWildcards passed
[501/1667] common.utils_test.UtilsTest....chesPattern_SomePartialWildcards passed
[502/1667] common.utils_test.UtilsTest....esPattern_RequiresFullMatchAtEnd passed
[503/1667] common.utils_test.UtilsTest....stMinimumRange_Empty_ReturnsNone passed
[504/1667] common.utils_test.UtilsTest.testMatchesPattern_SomeWildcards passed
[505/1667] common.report_query_test.ReportQueryTest.testMultipleRows passed
[506/1667] common.utils_test.UtilsTest....Range_NotOverlapping_ReturnsNone passed
[507/1667] common.utils_test.UtilsTest....hanTwoRanges_ReturnsIntersection passed
[508/1667] common.utils_test.UtilsTest....Number_ReturnsRangeWithOneNumber passed
[509/1667] common.report_query_test.Rep...tQueryTest.testMultipleTestCases passed
[510/1667] common.utils_test.UtilsTest....SpecificMatchingPattern_2ndLevel passed
[511/1667] common.utils_test.UtilsTest....pecificMatchingPattern_Duplicate passed
[512/1667] common.utils_test.UtilsTest....mRange_OneRange_ReturnsSameRange passed
[513/1667] common.utils_test.UtilsTest....atchingPattern_SpecificVsGeneral passed
[514/1667] common.utils_test.UtilsTest....MatchingPattern_PartialVsGeneral passed
[515/1667] common.utils_test.UtilsTest....TopLevelPartialOverLowerSpecific passed
[516/1667] common.utils_test.UtilsTest.testOldStyleTestKey_None passed
[517/1667] common.utils_test.UtilsTest....opLevelSpecificOverLowerSpecific passed
[518/1667] common.utils_test.UtilsTest.testOldStyleTestKey_String passed
[519/1667] common.utils_test.UtilsTest.testOldStyleTestKey_TestMetadata passed
[520/1667] common.utils_test.UtilsTest....tParseTelemetryMetricParts_1Part passed
[521/1667] common.utils_test.UtilsTest.testOldStyleTestKey_Test passed
[522/1667] common.utils_test.UtilsTest....tParseTelemetryMetricParts_2Part passed
[523/1667] common.utils_test.UtilsTest....tParseTelemetryMetricParts_3Part passed
[524/1667] common.utils_test.UtilsTest....rseTelemetryMetricParts_TooShort passed
[525/1667] common.utils_test.UtilsTest....arseTelemetryMetricParts_TooLong passed
[526/1667] common.utils_test.UtilsTest....mpletionTokenExperiment_Positive passed
[527/1667] common.utils_test.UtilsTest.testTestMetadataKey_None passed
[528/1667] common.utils_test.UtilsTest.testTestMetadataKey_Test passed
[529/1667] common.utils_test.UtilsTest.testTestPath_Container passed
[530/1667] common.utils_test.UtilsTest.testTestPath_Test passed
[531/1667] common.utils_test.UtilsTest.testTestMetadataKey_String passed
[532/1667] common.utils_test.UtilsTest.testTestPath_TestMetadata passed
[533/1667] common.utils_test.UtilsTest.testTestMetadataKey_TestMetadata passed
[534/1667] common.utils_test.UtilsTest....onTokenExperiment_NotGroupMember passed
[535/1667] common.utils_test.UtilsTest...._InternalUser_ReturnsAllEntities passed
[536/1667] common.utils_test.UtilsTest....ExternalUser_ReturnsSomeEntities passed
[537/1667] common.report_query_test.Rep...t.testOldStyleUnsuffixedDataRows passed
[538/1667] common.report_query_test.Rep...QueryTest.testMultipleTestSuites passed
[539/1667] common.utils_test.UtilsTest....idate_ExpectedValueIsNone_Passes passed
[540/1667] common.utils_test.UtilsTest.testTestSuiteName_Basic passed
[541/1667] common.utils_test.UtilsTest....ate_HasExpectedProperties_Passes passed
[542/1667] common.utils_test.UtilsTest....Validate_InvalidTypeInDict_Fails passed
[543/1667] common.utils_test.UtilsTest....lidate_StringInOptionList_Passes passed
[544/1667] common.utils_test.UtilsTest....issingPropertyInNestedDict_Fails passed
[545/1667] common.utils_test.UtilsTest...._StringInNestedOptionList_Passes passed
[546/1667] common.utils_test.UtilsTest....stValidate_MissingProperty_Fails passed
[547/1667] common.utils_test.UtilsTest....tringNotInNestedOptionList_Fails passed
[548/1667] common.utils_test.UtilsTest.testValidate_InvalidType_Fails passed
[549/1667] common.utils_test.UtilsTest....date_StringNotInOptionList_Fails passed
[550/1667] common.xsrf_test.XsrfTest.te...TokenRequired_NoToken_Returns403 passed
[551/1667] common.xsrf_test.XsrfTest.te...enRequired_BogusToken_Returns403 passed
[552/1667] common.utils_test.UtilsTest....stValidate_TypeConversion_Passes passed
[553/1667] common.xsrf_test.XsrfTest.te...kenRequired_CorrectToken_Success passed
[554/1667] common.xsrf_test.XsrfTest.te...Token_CanBeValidatedWithSameUser passed
[555/1667] create_health_report_test.Cr...ealthReportTest.testGet_ShowPage passed
[556/1667] create_health_report_test.Cr...t_ExternalUserReturnsNotLoggedIn passed
[557/1667] create_health_report_test.Cr...ReportTest.testPost_GetXsrfToken passed
[558/1667] common.xsrf_test.XsrfTest.te...nNotBeValidatedWithDifferentUser passed
[559/1667] common.report_query_test.Rep...IgnoreSuffixedDataRowsMissingAvg passed
[560/1667] common.report_query_test.ReportQueryTest.testSuffixedDataRows passed
[561/1667] create_health_report_test.Cr...lthReportTest.testPost_EmptyForm passed
[562/1667] create_health_report_test.Cr...Post_NoXSRFToken_Returns403Error passed
[563/1667] dispatcher_test.DispatcherTest.testImport passed
[564/1667] dump_graph_json_test.DumpGra...onTest.testDumpJsonWithAlertData passed
[565/1667] create_health_report_test.Cr...hReportTest.testPost_InvalidBots passed
[566/1667] create_health_report_test.Cr...ost_GetTableConfigDetailsForEdit passed
[567/1667] dump_graph_json_test.DumpGra...Get_InvalidTestPath_ReturnsError passed
[568/1667] dump_graph_json_test.DumpGra....testGet_NoTestPath_ReturnsError passed
[569/1667] create_health_report_test.Cr...portTest.testPost_PublicOnlyBots passed
[570/1667] create_health_report_test.Cr...Test.testPost_GetTableConfigList passed
[571/1667] create_health_report_test.Cr...Test.testPost_ValidBotsBadLayout passed
[572/1667] create_health_report_test.Cr...ReportTest.testPost_InvalidTests passed
[573/1667] create_health_report_test.Cr....testPost_TwoPostsSameNameAsEdit passed
[574/1667] create_health_report_test.Cr...ost_TwoPostsSameNameReturnsError passed
[575/1667] create_health_report_test.Cr...lthReportTest.testPost_ValidData passed
[576/1667] create_health_report_test.Cr...stPost_InternalOnlyAndPublicBots passed
[577/1667] dump_graph_json_test.DumpGraphJsonTest.testGet_DumpJson_Basic passed
[578/1667] edit_anomalies_test.EditAnom...validDomain_DoesNotModifyAnomaly passed
[579/1667] edit_anomalies_test.EditAnom...Post_NoXSRFToken_Returns403Error passed
[580/1667] edit_anomalies_test.EditAnom...leteParametersGiven_ReturnsError passed
[581/1667] edit_anomalies_test.EditAnom...ngeBugIDToInvalidID_ReturnsError passed
[582/1667] edit_anomalies_test.EditAnom...iesTest.testPost_ChangeRevisions passed
[583/1667] edit_anomalies_test.EditAnom...sTest.testPost_NoKeysGiven_Error passed
[584/1667] edit_anomalies_test.EditAnom...ValidSheriffAccount_ChangesBugID passed
[585/1667] edit_config_handler_test.Edi...tterns_NoChange_ReturnsEmptySets passed
[586/1667] edit_config_handler_test.Edi...tterns_NoneValue_RaisesTypeError passed
[587/1667] edit_anomaly_configs_test.EditAnomalyConfigsTest.testAdd passed
[588/1667] edit_anomalies_test.EditAnom...ithInvalidRevisions_ReturnsError passed
[589/1667] edit_config_handler_test.Edi...dlerTest.testComputeDeltas_Empty passed
[590/1667] edit_bug_labels_test.EditBug...testBugLabelPattern_AddAndRemove passed
[591/1667] edit_anomalies_test.EditAnomaliesTest.testPost_RemoveBug passed
[592/1667] edit_config_handler_test.Edi...Test.testComputeDeltas_OnlyAdded passed
[593/1667] edit_config_handler_test.Edi...ping_AllOverlap_ReturnsEmptySets passed
[594/1667] edit_config_handler_test.Edi...lapping_NoOverlap_ReturnsSameSet passed
[595/1667] edit_config_handler_test.Edi...omeOverlap_ReturnsSetDifferences passed
[596/1667] edit_config_handler_test.Edi...st.testComputeDeltas_OnlyRemoved passed
[597/1667] edit_config_handler_test.Edi...ernLines_HasBrackets_RaisesError passed
[598/1667] edit_config_handler_test.Edi...tSplitPatternLines_SortsPatterns passed
[599/1667] edit_config_handler_test.Edi...testSplitPatternLines_OnePattern passed
[600/1667] edit_config_handler_test.Edi...tternLines_NoSlashes_RaisesError passed
[601/1667] edit_anomaly_configs_test.EditAnomalyConfigsTest.testEdit passed
[602/1667] edit_site_config_test.EditSi...et_NoKey_ShowsPageWithNoTextArea passed
[603/1667] edit_site_config_test.EditSi...t_ExternalUser_ShowsErrorMessage passed
[604/1667] edit_site_config_test.EditSi...t_NoXsrfToken_ReturnsErrorStatus passed
[605/1667] edit_anomaly_configs_test.Ed...nfigsTest.testEdit_RemovePattern passed
[606/1667] edit_config_handler_test.Edi...tPatterns_CanTakeSetsAsArguments passed
[607/1667] edit_config_handler_test.Edi..._OnlyAdd_ReturnsAddedAndEmptySet passed
[608/1667] edit_site_config_test.EditSi...cedKey_ShowsPageWithCurrentValue passed
[609/1667] edit_site_config_test.Helper...onTests.testDiffJson_AddListItem passed
[610/1667] edit_site_config_test.Helper...s.testDiffJson_NoneToEmptyString passed
[611/1667] edit_config_handler_test.Edi...Remove_ReturnsEmptySetAndRemoved passed
[612/1667] edit_site_config_test.EditSi...cedKey_ShowsPageWithBothVersions passed
[613/1667] edit_config_handler_test.Edi...oveAndAdd_ReturnsAddedAndRemoved passed
[614/1667] edit_site_config_test.EditSi...dJSON_ShowsErrorAndDoesNotModify passed
[615/1667] email_template_test.EmailTemplateTest.testURLEncoding passed
[616/1667] email_sheriff_test.EmailSher...f_MultipleSheriffs_AllGetEmailed passed
[617/1667] email_sheriff_test.EmailSher...HasInvalidContent_EmailStillSent passed
[618/1667] email_sheriff_test.EmailSher...ngeMaxFloat_ContentSaysAlertSize passed
[619/1667] email_sheriff_test.EmailSher...entToSheriffRotationEmailAddress passed
[620/1667] edit_site_config_test.EditSi....testPost_SendsNotificationEmail passed
[621/1667] email_sheriff_test.EmailSher...ff_ContentAndRecipientAreCorrect passed
[622/1667] edit_site_config_test.EditSi...thKey_UpdatesNonNamespacedValues passed
[623/1667] edit_anomaly_configs_test.Ed...yConfigsTest.testEdit_AddPattern passed
[624/1667] file_bug_test.FileBugTest.testBisectDisabled passed
[625/1667] edit_site_config_test.EditSi..._WithKey_UpdatesNamespacedValues passed
[626/1667] file_bug_test.FileBugTest.te..._OwnersAreEmptyEvenWithOwnership passed
[627/1667] file_bug_test.FileBugTest.te...t_OwnersNotFilledWhenNoOwnership passed
[628/1667] file_bug_test.FileBugTest.testGet_ComponentsChosenPerTest passed
[629/1667] file_bug_test.FileBugTest.te...Get_UsesOnlyMostRecentComponents passed
[630/1667] file_bug_test.FileBugTest.testGet_UsesFirstDefinedComponent passed
[631/1667] file_bug_test.FileBugTest.testGet_WithAllOwnershipComponents passed
[632/1667] file_bug_test.FileBugTest.testGet_SetsBugLabelsComponents passed
[633/1667] file_bug_test.FileBugTest.testGet_WithFinish_CreatesBug passed
[634/1667] file_bug_test.FileBugTest.te...eatesBugSingleRevAutorollSheriff passed
[635/1667] file_bug_test.FileBugTest.te...CreatesBugSingleRevAutorollOwner passed
[636/1667] file_bug_test.FileBugTest.te...BugSingleRevDifferentMasterOwner passed
[637/1667] file_bug_test.FileBugTest.te...t_WithFinish_CreatesBug_WithDocs passed
[638/1667] file_bug_test.FileBugTest.te...Get_WithFinish_LabelsBugForClank passed
[639/1667] file_bug_test.FileBugTest.te...hFinish_CreatesBugSingleRevOwner passed
[640/1667] file_bug_test.FileBugTest.te...ithNoMilestoneBecauseNoCommitPos passed
[641/1667] file_bug_test.FileBugTest.testGet_WithNoKeys_ShowsError passed
[642/1667] file_bug_test.FileBugTest.te...ithFinish_LabelsBugWithMilestone passed
[643/1667] file_bug_test.FileBugTest.te...inish_SingleRevOwner_Clank_Skips passed
[644/1667] file_bug_test.FileBugTest.testSupportsCCList passed
[645/1667] file_bug_test.FileBugTest.te...RevOwner_InvalidRepository_Skips passed
[646/1667] file_bug_test.FileBugTest.te...ithFinish_SucceedsWithComponents passed
[647/1667] file_bug_test.FileBugTest.te...ish_SucceedsWithNAAndLogsWarning passed
[648/1667] file_bug_test.FileBugTest.te...ithFinish_SucceedsWithNoVersions passed
[649/1667] file_bug_test.FileBugTest.testGet_WithNoFinish_ShowsForm passed
[650/1667] find_anomalies_test.ProcessA...tMakeAnomalyEntity_AddsOwnership passed
[651/1667] file_bug_test.FileBugTest.testInternalBugLabel passed
[652/1667] find_anomalies_test.ProcessA...tMakeAnomalyEntity_AlertGrouping passed
[653/1667] file_bug_test.FileBugTest.te...h_SucceedsWithRevisionOutOfRange passed
[654/1667] find_anomalies_test.ProcessA...testMakeAnomalyEntity_NoRefBuild passed
[655/1667] find_anomalies_test.ProcessA...tMakeAnomalyEntity_RefBuildSlash passed
[656/1667] find_anomalies_test.ProcessA...AnomalyEntity_RefBuildUnderscore passed
[657/1667] find_anomalies_test.ProcessA...MakeAnomalyEntity_RevisionRanges passed
[658/1667] common.clustering_change_det...estClusterAndFindSplit_N_Pattern passed
[659/1667] find_anomalies_test.ProcessA...iesMatchRefSeries_NoAlertCreated passed
[660/1667] common.clustering_change_det...estClusterAndFindSplit_Windowing passed
[661/1667] find_anomalies_test.ProcessA...lyPlacement_MinSize0Max2Elements passed
[662/1667] find_anomalies_test.ProcessA...testProcessTest_CreatesAnAnomaly passed
[663/1667] find_anomalies_test.ProcessA...ProcessTest_MultipleChangePoints passed
[664/1667] find_anomalies_test.ProcessA...t_ImprovementMarkedAsImprovement passed
[665/1667] find_anomalies_test.ProcessA...ocessTest_FiltersOutImprovements passed
[666/1667] find_anomalies_test.ProcessA...testProcessTest_InternalOnlyTest passed
[667/1667] common.clustering_change_det...sterAndFindSplit_InifiniteLooper passed
[668/1667] find_anomalies_test.ProcessA...rocessTest_NoSheriff_ErrorLogged passed
[669/1667] find_change_points_test.Find...oint_CanBeMadeAndConvertedToDict passed
[670/1667] find_change_points_test.Find...testFindChangePoints_EmptySeries passed
[671/1667] find_anomalies_test.ProcessA...esNotMatchRefSeries_AlertCreated passed
[672/1667] find_anomalies_test.ProcessA...ly_RefMovesToo_BenchmarkDuration passed
[673/1667] find_change_points_test.Find...nomalous_FiltersOnAbsoluteChange passed
[674/1667] find_change_points_test.Find...ePointsTest.testFindChangePoints passed
[675/1667] find_change_points_test.Find...nomalous_FiltersOnRelativeChange passed
[676/1667] find_change_points_test.Find...IsAnomalous_FiltersOnSegmentSize passed
[677/1667] find_change_points_test.Find...malous_FiltersOnMultipleOfStdDev passed
[678/1667] find_change_points_test.Find...tipleOfStdDevFilter_LowOnOneSide passed
[679/1667] find_step_test.FindStepTest.testDistanceFromStep passed
[680/1667] find_step_test.FindStepTest....stFindStep_EmptyList_ReturnsNone passed
[681/1667] find_step_test.FindStepTest....ndStep_LengthOneList_ReturnsNone passed
[682/1667] find_step_test.FindStepTest....FindStep_LengthTwoList_FindsStep passed
[683/1667] find_step_test.FindStepTest.testFindStep_NotSteppishExample passed
[684/1667] find_step_test.FindStepTest.testFindStep_QuiteSteppishExample passed
[685/1667] find_step_test.FindStepTest.testMinimizeDistanceFromStep passed
[686/1667] find_step_test.FindStepTest.testNormalizeZeroVariance passed
[687/1667] find_step_test.FindStepTest....lize_EmptyInput_ReturnsEmptyList passed
[688/1667] find_step_test.FindStepTest....e_ResultMeanIsZeroAndStdDevIsOne passed
[689/1667] find_step_test.FindStepTest.testNormalize_ShortList passed
[690/1667] find_step_test.FindStepTest.testRootMeanSquareDeviation passed
[691/1667] find_step_test.FindStepTest.testRegressionSizeScore passed
[692/1667] find_step_test.FindStepTest....ep_ReturnsValueBetweenZeroAndOne passed
[693/1667] find_step_test.FindStepTest.testStepFunctionValues passed
[694/1667] find_step_test.FindStepTest....teppiness_PerfectStep_ReturnsOne passed
[695/1667] find_step_test.FindStepTest...._LengthOfSeriesDoesntAffectScore passed
[696/1667] find_step_test.FindStepTest....piness_UpDownPattern_ReturnsZero passed
[697/1667] find_anomalies_test.ProcessAlertsTest.testProcessTest passed
[698/1667] find_step_test.FindStepTest.testSumOfSquaredResiduals passed
[699/1667] get_diagnostics_test.GetDiag...nosticsByGuidAndOtherParamsFails passed
[700/1667] get_diagnostics_test.GetDiag....testGetDiagnostics_MissingParam passed
[701/1667] get_diagnostics_test.GetDiag...icsTest.testGetDiagnosticsByGuid passed
[702/1667] get_diagnostics_test.GetDiag...tDiagnosticsByStartRevisionFails passed
[703/1667] get_diagnostics_test.GetDiag...est.testGetDiagnostics_WrongGuid passed
[704/1667] find_change_points_test.Find...FindChangePoints_ZeroSegmentSize passed
[705/1667] get_diagnostics_test.GetDiag...sTest.testGetLastDiagnosticFails passed
[706/1667] get_diagnostics_test.GetDiagnosticsTest.testGetLastDiagnostic passed
[707/1667] get_diagnostics_test.GetDiag...MultipleDiagnosticsByEndRevision passed
[708/1667] get_diagnostics_test.GetDiag...GetMultipleDiagnosticsByTestPath passed
[709/1667] get_diagnostics_test.GetDiag...ltipleDiagnosticsByRevisionRange passed
[710/1667] get_histogram_test.GetHistogramsTest.testGetHistogram passed
[711/1667] get_histogram_test.GetHistog...st.testGetHistogram_MissingParam passed
[712/1667] get_histogram_test.GetHistog...stGetHistogram_Internal_Succeeds passed
[713/1667] get_histogram_test.GetHistog...sTest.testGetHistogram_WrongGuid passed
[714/1667] get_histogram_test.GetHistog....testGetHistogram_Internal_Fails passed
[715/1667] find_anomalies_test.ProcessA...nomalyPlacement_OnePassEDivisive passed
[716/1667] graph_csv_test.GraphCsvTest....stGet_NoTestPathGiven_GivesError passed
[717/1667] find_anomalies_test.ProcessA...eAnomalyPlacement_OffByOneStable passed
[718/1667] find_anomalies_test.ProcessA...eAnomalyPlacement_OffByOneBefore passed
[719/1667] find_change_points_test.Find...tFindChangePoints_ShortSequences passed
[720/1667] graph_json_test.GraphJsonHel...tInfoDict_BuildUri_NoBuildbotUri passed
[721/1667] find_anomalies_test.ProcessA...stProcessTest_SkipsClankInternal passed
[722/1667] graph_json_test.GraphJsonHel...stPointInfoDict_StdioUriMarkdown passed
[723/1667] graph_json_test.GraphJsonHel...TracingUri_ResultHasNoTracingUri passed
[724/1667] graph_json_test.GraphJsonPar...tsTest.testParseRequestArguments passed
[725/1667] graph_json_test.GraphJsonPar...equestArguments_NegativeRevision passed
[726/1667] graph_json_test.GraphJsonPar...tArguments_TestPathListSpecified passed
[727/1667] graph_json_test.GraphJsonPar...uments_OnlyTestPathDictSpecified passed
[728/1667] graph_csv_test.GraphCsvTest.testGet_AllowlistedIPOnly passed
[729/1667] graph_csv_test.GraphCsvTest....hNonInternalUserAndAllowlistedIP passed
[730/1667] graph_json_test.GraphJsonTest.testGetGraphJsonError passed
[731/1667] find_anomalies_test.ProcessA...malyPlacement_BalancedEstimator1 passed
[732/1667] find_anomalies_test.ProcessA...rocessTest_SkipsLastAlert_NotAvg passed
[733/1667] find_anomalies_test.ProcessA...malyPlacement_BalancedEstimator2 passed
[734/1667] find_anomalies_test.ProcessA...estProcessTest_UsesLastAlert_Avg passed
[735/1667] graph_csv_test.GraphCsvTest.testAttrRows passed
[736/1667] graph_csv_test.GraphCsvTest.testRevNumRows passed
[737/1667] graph_csv_test.GraphCsvTest.testGetCsv passed
[738/1667] graph_csv_test.GraphCsvTest.testPost passed
[739/1667] get_diagnostics_test.GetDiag...iagnostics_limit_500_diagnostics passed
[740/1667] graph_json_test.GraphJsonTes...taDeprecated_OmitsDeprecatedData passed
[741/1667] graph_json_test.GraphJsonTes...testGetGraphJson_UnSelectedTrace passed
[742/1667] dump_graph_json_test.DumpGra...onTest.testGet_DumpJson_WithRows passed
[743/1667] graph_json_test.GraphJsonTes...Post_InvalidRequest_ReportsError passed
[744/1667] graph_json_test.GraphJsonTes...stGetGraphJson_WithSelectedTrace passed
[745/1667] graph_json_test.GraphJsonTest.testGetGraphJsonMultipleBots passed
[746/1667] graph_json_test.GraphJsonTest.testGetGraphJsonNoArgs passed
[747/1667] graph_json_test.GraphJsonTest.testGetGraphJsonNumPoints passed
[748/1667] graph_json_test.GraphJsonTest.testGetGraphJsonRevisionStart passed
[749/1667] graph_json_test.GraphJsonTest.testGetGraphJsonMultipleTests passed
[750/1667] dump_graph_json_test.DumpGra...tGet_DumpAnomaliesDataForSheriff passed
[751/1667] graph_revisions_test.GraphRe...testPost_CacheSet_NanBecomesNone passed
[752/1667] graph_json_test.GraphJsonTest.testGetGraphJsonStartEndRev passed
[753/1667] graph_revisions_test.GraphRe..._CacheSet_ReturnsCachedRevisions passed
[754/1667] group_report_test.GroupReportTest.testGet passed
[755/1667] graph_json_test.GraphJsonTest.testGetGraphJsonSkewedRevisions passed
[756/1667] group_report_test.GroupRepor...Keys_ShowsSelectedAndOverlapping passed
[757/1667] group_report_test.GroupReportTest.testPost_WithBugIdParameter passed
[758/1667] group_report_test.GroupRepor...InvalidBugIdParameter_ShowsError passed
[759/1667] group_report_test.GroupRepor...Post_WithInvalidGroupIdParameter passed
[760/1667] group_report_test.GroupRepor...thInvalidKeyParameter_ShowsError passed
[761/1667] group_report_test.GroupRepor...thInvalidRevParameter_ShowsError passed
[762/1667] group_report_test.GroupRepor...thInvalidSidParameter_ShowsError passed
[763/1667] group_report_test.GroupRepor...KeyOfNonExistentAlert_ShowsError passed
[764/1667] group_report_test.GroupRepor...st.testPost_WithGroupIdParameter passed
[765/1667] group_report_test.GroupRepor...st.testPost_WithProjectIdMissing passed
[766/1667] group_report_test.GroupReportTest.testPost_WithRevParameter passed
[767/1667] layered_cache_delete_expired...st.testGet_DeleteExpiredEntities passed
[768/1667] graph_json_test.GraphJsonTest.testGetGraphJsonRevisionMiddle passed
[769/1667] group_report_test.GroupRepor...t.testPost_WithValidSidParameter passed
[770/1667] graph_json_test.GraphJsonTes...etGraphJson_GraphJsonAnnotations passed
[771/1667] list_tests_test.ListTestsTest.testGetDescendants passed
[772/1667] list_tests_test.ListTestsTest.testMergeSubTestsDict passed
[773/1667] list_tests_test.ListTestsTes...etSubTests_FetchAndCacheBehavior passed
[774/1667] list_tests_test.ListTestsTes...ts_ReturnsOnlyNonDeprecatedTests passed
[775/1667] list_tests_test.ListTestsTes...a_OnlyReturnedForAuthorizedUsers passed
[776/1667] graph_revisions_test.GraphRevisionsTest.testAddRowsToCache passed
[777/1667] add_histograms_test.DecompressFileWrapperTest.testJSON passed
[778/1667] list_tests_test.ListTestsTes...GetTestsForTestPath_Selected_All passed
[779/1667] graph_revisions_test.GraphRe...ReturnsAndCachesCorrectRevisions passed
[780/1667] list_tests_test.ListTestsTes...stPath_Selected_Core_AllHaveRows passed
[781/1667] list_tests_test.ListTestsTes...lected_Core_MonitoredChildNoRows passed
[782/1667] list_tests_test.ListTestsTes...cted_Core_MonitoredChildWithRows passed
[783/1667] list_tests_test.ListTestsTes...ForTestPath_Selected_Core_NoRows passed
[784/1667] list_tests_test.ListTestsTes...stPath_Selected_EmptyPreselected passed
[785/1667] list_tests_test.ListTestsTes...Path_Selected_Core_ParentHasRows passed
[786/1667] graph_json_test.GraphJsonTes...on_ManyUnselected_ReturnsNothing passed
[787/1667] list_tests_test.ListTestsTes...estsForTestPath_Selected_Invalid passed
[788/1667] list_tests_test.ListTestsTes...ForTestPath_Selected_Preselected passed
[789/1667] list_tests_test.ListTestsTes...th_Selected_Preselected_Multiple passed
[790/1667] list_tests_test.ListTestsTes...orTestPath_Selected_SomeInternal passed
[791/1667] list_tests_test.ListTestsTes...tTestsForTestPath_Unselected_All passed
[792/1667] list_tests_test.ListTestsTest.testSubTestsDict passed
[793/1667] list_tests_test.ListTestsTest.testSubTestsDict_Deprecated passed
[794/1667] list_tests_test.ListTestsTes...estPath_Unselected_Core_NoParent passed
[795/1667] list_tests_test.ListTestsTes...TestsDict_TopLevel_HasRows_False passed
[796/1667] list_tests_test.ListTestsTes...SubTestsDict_RepeatedPathIgnored passed
[797/1667] main_test.MainTest.testAnomalyInfoDicts passed
[798/1667] main_test.MainTest.testGetColorClass passed
[799/1667] graph_json_test.GraphJsonTes...testGetGraphJson_ClampsRevisions passed
[800/1667] main_test.MainTest.testAnoma...Dicts_MissingTest_AnomalySkipped passed
[801/1667] list_tests_test.ListTestsTes...Path_Unselected_Core_Unmonitored passed
[802/1667] main_test.MainTest.testGet_PageIsShown passed
[803/1667] list_tests_test.ListTestsTes...Path_Unselected_EmptyPreselected passed
[804/1667] mark_recovered_alerts_test.M...t_BugHasNoAlerts_NoCommentPosted passed
[805/1667] list_tests_test.ListTestsTes...nselected_PreselectedWithoutRows passed
[806/1667] list_tests_test.ListTestsTes...h_Unselected_PreselectedWithRows passed
[807/1667] list_tests_test.ListTestsTes...testPost_GetTestsMatchingPattern passed
[808/1667] mark_recovered_alerts_test.M...lertInvalid_NotMarkedAsRecovered passed
[809/1667] migrate_test_names_test.Migr...t.testGetNewTestPath_InvalidArgs passed
[810/1667] migrate_test_names_test.Migr...stPath_NewPathHasDifferentLength passed
[811/1667] migrate_test_names_test.Migr...testGetNewTestPath_WithAsterisks passed
[812/1667] migrate_test_names_test.Migr....testGetNewTestPath_WithBrackets passed
[813/1667] list_tests_test.ListTestsTes...estsMatchingPattern_OnlyWithRows passed
[814/1667] mark_recovered_alerts_test.M...otRecovered_NotMarkedAsRecovered passed
[815/1667] mark_recovered_alerts_test.M...RealWorldExample_NoClearRecovery passed
[816/1667] mark_recovered_alerts_test.M...ngeTooLarge_NotMarkedAsRecovered passed
[817/1667] mark_recovered_alerts_test.M...ngDirection_NotMarkedAsRecovered passed
[818/1667] mark_recovered_alerts_test.M...llAnomaliesRecovered_AddsComment passed
[819/1667] mark_recovered_alerts_test.M...tPost_RealisticExample_Recovered passed
[820/1667] mark_recovered_alerts_test.M...Post_Recovered_MarkedAsRecovered passed
[821/1667] migrate_test_names_test.Migr...igrateSkippingIdentityMigrations passed
[822/1667] models.alert_group_workflow_...malies_GroupTriaged_CommentsNone passed
[823/1667] migrate_test_names_test.Migr...rtialWildCardsInNewPattern_Fails passed
[824/1667] models.alert_group_workflow_...omalies_GroupTriaged_IssueClosed passed
[825/1667] models.alert_group_workflow_...upTriaged_IssueClosed_AutoBisect passed
[826/1667] migrate_test_names_test.Migr..._MigrationFinished_EmailsSheriff passed
[827/1667] models.alert_group_workflow_....testAddAnomalies_GroupUntriaged passed
[828/1667] models.alert_group_workflow_..._GroupTriaged_IssueClosed_Manual passed
[829/1667] models.alert_group_workflow_...lowTest.testArchive_GroupTriaged passed
[830/1667] models.alert_group_workflow_...wTest.testArchive_GroupUntriaged passed
[831/1667] migrate_test_names_test.Migr...st_MigrateSeriesToChartLevelTest passed
[832/1667] models.alert_group_workflow_...Anomalies_GroupTriaged_IssueOpen passed
[833/1667] models.alert_group_workflow_....testAutoMerge_AutoMergeNotOptIn passed
[834/1667] models.alert_group_workflow_...t.testAutoMerge_SeparatingGroups passed
[835/1667] models.alert_group_workflow_...t.testAutoMerge_NoCanonicalIssue passed
[836/1667] models.alert_group_workflow_...est.testAutoMerge_SucessfulMerge passed
[837/1667] models.alert_group_workflow_...sfulMerge_AutoMergeForOneAnomaly passed
[838/1667] models.alert_group_workflow_...ge_SucessfulMerge_NoNewAnomalies passed
[839/1667] models.alert_group_workflow_...owTest.testBisect_ExplicitOptOut passed
[840/1667] models.alert_group_workflow_...lowTest.testBisect_GroupBisected passed
[841/1667] models.alert_group_workflow_...flowTest.testBisect_GroupTriaged passed
[842/1667] models.alert_group_workflow_...isect_GroupTriaged_AlertBisected passed
[843/1667] models.alert_group_workflow_...tBisect_GroupTriaged_CrrevFailed passed
[844/1667] models.alert_group_workflow_...Bisect_GroupTriaged_AlertWithBug passed
[845/1667] models.alert_group_workflow_...testBisect_GroupTriaged_MultiBot passed
[846/1667] migrate_test_names_test.Migr...t.testPost_MigrateTraceLevelTest passed
[847/1667] models.alert_group_workflow_..._GroupTriaged_MultiSubscriptions passed
[848/1667] models.alert_group_workflow_...ect_GroupTriaged_MultiBot_AllInf passed
[849/1667] models.alert_group_workflow_...tBisect_GroupTriaged_NoRecovered passed
[850/1667] models.alert_group_workflow_...estBisect_GroupTriaged_NoIgnored passed
[851/1667] migrate_test_names_test.Migr...t.testPost_MigrateChartLevelTest passed
[852/1667] models.alert_group_workflow_...ct_GroupTriaged_MultiBot_PartInf passed
[853/1667] models.alert_group_workflow_...sect_GroupTriaged_PinpointFailed passed
[854/1667] models.alert_group_workflow_...WorkflowTest.testBisect_SingleCL passed
[855/1667] models.alert_group_workflow_...reGroupUpdate_CanonicalGroupLoop passed
[856/1667] models.alert_group_workflow_...tBisect_GroupTriaged_WithSummary passed
[857/1667] models.alert_group_workflow_...t_GroupTriaged_WithSignalQuality passed
[858/1667] models.alert_group_workflow_...eGroupUpdate_CanonicalGroupFound passed
[859/1667] models.alert_group_workflow_...Triaged_WithDefaultSignalQuality passed
[860/1667] models.alert_group_workflow_...roupUntriaged_MultiSubscriptions passed
[861/1667] models.alert_group_workflow_...stTriage_GroupTriaged_InfAnomaly passed
[862/1667] models.alert_group_workflow_...owTest.testTriage_GroupUntriaged passed
[863/1667] models.alert_group_workflow_...roupUntriaged_NonChromiumProject passed
[864/1667] models.alert_group_workflow_...age_GroupUntriaged_MultipleRange passed
[865/1667] models.alert_group_workflow_...Triage_GroupUntriaged_InfAnomaly passed
[866/1667] models.anomaly_config_test.A...figTest.testGetAnomalyConfigDict passed
[867/1667] models.alert_group_workflow_...eGroupUpdate_DuplicateGroupFound passed
[868/1667] models.alert_group_workflow_...testUpdate_GroupClosed_IssueOpen passed
[869/1667] models.anomaly_config_test.A...figDict_OverriddenConfigNotFound passed
[870/1667] models.anomaly_test.AnomalyTest.testBot passed
[871/1667] models.anomaly_test.AnomalyTest.testComputedTestProperties passed
[872/1667] models.alert_group_workflow_...GroupTriaged_AlertsPartRecovered passed
[873/1667] models.anomaly_test.AnomalyTest.testGetTestMetadataKey_None passed
[874/1667] models.alert_group_workflow_..._GroupTriaged_AlertsAllRecovered passed
[875/1667] models.anomaly_test.AnomalyTest.testGetTestMetadataKey_Test passed
[876/1667] models.anomaly_test.AnomalyT...tGetTestMetadataKey_TestMetadata passed
[877/1667] models.anomaly_test.AnomalyTest.testBugId passed
[878/1667] models.anomaly_test.AnomalyTest.testAllInequalityFilters passed
[879/1667] models.alert_group_workflow_...upTriaged_IssueClosed_AllTriaged passed
[880/1667] models.alert_group_workflow_...tUpdate_GroupTriaged_IssueClosed passed
[881/1667] models.anomaly_test.AnomalyTest.testKey passed
[882/1667] models.anomaly_test.AnomalyTest.testIsImprovement passed
[883/1667] models.anomaly_test.AnomalyTest.testLimit passed
[884/1667] models.anomaly_test.AnomalyTest.testInequalityWithTestKeys passed
[885/1667] models.anomaly_test.AnomalyTest.testMaster passed
[886/1667] models.anomaly_test.AnomalyTest.testMaxEndRevision passed
[887/1667] models.anomaly_test.AnomalyTest.testMaxTimestamp passed
[888/1667] models.anomaly_test.AnomalyTest.testMaxStartRevision passed
[889/1667] models.anomaly_test.AnomalyTest.testMinAndMaxRevisionAreSame passed
[890/1667] models.alert_group_workflow_...Test.testUpdate_NoAnomaliesFound passed
[891/1667] models.anomaly_test.AnomalyTest.testMinTimestamp passed
[892/1667] models.anomaly_test.AnomalyTest.testMinStartRevision passed
[893/1667] models.anomaly_test.AnomalyTest.testMinEndRevision passed
[894/1667] models.anomaly_test.AnomalyTest.testGetAnomaliesForTest passed
[895/1667] models.anomaly_test.AnomalyTest.testRecovered passed
[896/1667] models.anomaly_test.AnomalyTest.testTestKeys passed
[897/1667] models.anomaly_test.AnomalyTest.testTest passed
[898/1667] models.anomaly_test.AnomalyTest.testSheriff passed
[899/1667] models.anomaly_test.AnomalyTest.testProjectId passed
[900/1667] models.anomaly_test.AnomalyTest.testTestSuite passed
[901/1667] models.bug_label_patterns_te...moveBugLabel_DoesntExist_NoError passed
[902/1667] models.bug_label_patterns_te...ternsTest.testAddBugLabelPattern passed
[903/1667] models.bug_label_patterns_te...lPatternsTest.testRemoveBugLabel passed
[904/1667] models.histogram_test.Sparse...ndOrInsertDiagnostics_Latest_New passed
[905/1667] models.graph_data_test.Graph....testPutTestTruncatesDescription passed
[906/1667] models.histogram_test.Sparse...sertDiagnostics_Latest_Different passed
[907/1667] models.bug_label_patterns_te...ernsTest.testGetBugLabelsForTest passed
[908/1667] models.histogram_test.Sparse...InsertDiagnostics_Latest_Invalid passed
[909/1667] models.histogram_test.Sparse...dOrInsertDiagnostics_Latest_Same passed
[910/1667] models.histogram_test.Sparse...iagnostics_OutOfOrder_AllInvalid passed
[911/1667] models.anomaly_test.AnomalyTest.testUntilFound passed
[912/1667] models.histogram_test.Sparse...agnostics_OutOfOrder_Before_Diff passed
[913/1667] models.histogram_test.Sparse...agnostics_OutOfOrder_Before_Same passed
[914/1667] models.histogram_test.Sparse...fOrder_Clobber_NextDiff_PrevSame passed
[915/1667] models.histogram_test.Sparse...OfOrder_Clobber_Next_NoRevs_Diff passed
[916/1667] models.histogram_test.Sparse...OutOfOrder_Clobber_NoNext_NoRevs passed
[917/1667] models.histogram_test.Sparse...OfOrder_Clobber_Next_NoRevs_Same passed
[918/1667] models.histogram_test.Sparse...utOfOrder_Clobber_Next_Prev_Same passed
[919/1667] migrate_test_names_test.Migr...t.testPost_MigrateSuiteLevelTest passed
[920/1667] models.histogram_test.Sparse...ics_OutOfOrder_Clobber_Next_Revs passed
[921/1667] models.histogram_test.Sparse...utOfOrder_Clobber_Next_Revs_Same passed
[922/1667] models.histogram_test.Sparse...nsertDiagnostics_OutOfOrder_Same passed
[923/1667] models.histogram_test.Sparse...agnostics_OutOfOrder_LastInvalid passed
[924/1667] models.histogram_test.Sparse...s_OutOfOrder_Clobber_NoNext_Revs passed
[925/1667] models.histogram_test.Sparse...tOfOrder_Splits_CurDiff_NextDiff passed
[926/1667] models.histogram_test.Sparse...rder_Splits_CurDiff_NextNone_Rev passed
[927/1667] models.histogram_test.Sparse...tOfOrder_Splits_CurDiff_NextNone passed
[928/1667] models.histogram_test.Sparse...tOfOrder_Splits_CurDiff_NextSame passed
[929/1667] models.histogram_test.Sparse...utOfOrder_Splits_CurDiff_HasRevs passed
[930/1667] models.histogram_test.Sparse...tDataByNames_ReturnsNoneIfNoName passed
[931/1667] models.histogram_test.Sparse...tRecentDataByNames_ReturnAllData passed
[932/1667] models.histogram_test.Sparse...taByNames_ReturnsNoneIfNoneFound passed
[933/1667] models.histogram_test.Sparse...tOfOrder_Splits_CurSame_NextDiff passed
[934/1667] models.internal_only_model_t...erInternalEntity_AssertionRaised passed
[935/1667] models.internal_only_model_t...UserInternalEntity_EntityFetched passed
[936/1667] models.internal_only_model_t...UserExternalEntity_EntityFetched passed
[937/1667] models.histogram_test.Sparse...taByNames_ToleratesDuplicateName passed
[938/1667] models.internal_only_model_t...Model_InternalUser_EntityFetched passed
[939/1667] models.internal_only_model_t...UserExternalEntity_EntityFetched passed
[940/1667] models.internal_only_model_t...erInternalEntity_AssertionRaised passed
[941/1667] models.histogram_test.Sparse...stics_DifferentTestPath_NoChange passed
[942/1667] models.histogram_test.Sparse...tFixupDiagnostics_End_FixesRange passed
[943/1667] models.internal_only_model_t...eateCallBack_CalledOncePerEntity passed
[944/1667] models.histogram_test.Sparse...xupDiagnostics_Middle_FixesRange passed
[945/1667] models.histogram_test.Sparse...upDiagnostics_NotUnique_NoChange passed
[946/1667] models.upload_completion_tok...easurementUpdateStateByPathAsync passed
[947/1667] models.upload_completion_tok...meMeasurementsForDifferentTokens passed
[948/1667] models.report_template_test....lateTest.testAnonymous_GetReport passed
[949/1667] models.report_template_test....teTest.testAnonymous_PutTemplate passed
[950/1667] models.report_template_test....plateTest.testInternal_GetReport passed
[951/1667] models.report_template_test....emplateTest.testGetReport_Static passed
[952/1667] models.upload_completion_tok...ateStateByPathAsync_ErrorMessage passed
[953/1667] graph_json_test.GraphJsonTes...tPost_LongTestPathWithUnSelected passed
[954/1667] models.upload_completion_tok...ync_ErrorMessageFail failed as expected
[955/1667] models.upload_completion_tok...nTokenTest.testUpdateObjectState passed
[956/1667] models.upload_completion_tok...th_ErrorMessageFail passed unexpectedly
[957/1667] models.upload_completion_tok...stUpdateObjectState_ErrorMessage passed
[958/1667] models.report_template_test....ateTest.testInternal_PutTemplate passed
[959/1667] models.upload_completion_tok...atusUpdateWithExpiredMeasurement passed
[960/1667] models.upload_completion_tok...testStatusUpdateWithMeasurements passed
[961/1667] models.report_template_test....ateTest.testPutTemplate_External passed
[962/1667] models.report_template_test....est.testPutTemplate_InternalOnly passed
[963/1667] pinpoint.handlers.cancel_tes...est.testCancelDelegationRejected passed
[964/1667] pinpoint.handlers.cancel_tes...lJobTest.testCancelForbiddenUser passed
[965/1667] pinpoint.handlers.cancel_tes...elJobTest.testCancelCancelledJob passed
[966/1667] pinpoint.handlers.cas_test.A...t_Anonymous_Allowlisted_Succeeds passed
[967/1667] pinpoint.handlers.cas_test.A...t_Anonymous_NotAllowlisted_Fails passed
[968/1667] pinpoint.handlers.cancel_tes...tCancelDelegationForAnAdminWorks passed
[969/1667] pinpoint.handlers.cancel_tes...ncelJobTest.testCancelUnknownJob passed
[970/1667] pinpoint.handlers.cancel_tes...Test.testCancelAlreadyRunningJob passed
[971/1667] pinpoint.handlers.cas_test.P...eterValidationTest.testBadChange passed
[972/1667] graph_json_test.GraphJsonTes...estPost_LongTestPathWithSelected passed
[973/1667] pinpoint.handlers.cancel_tes...obTest.testCancelKnownJobByAdmin passed
[974/1667] pinpoint.handlers.cas_test.A...st.testPost_External_Oauth_Fails passed
[975/1667] pinpoint.handlers.cancel_tes...obTest.testCancelKnownJobByOwner passed
[976/1667] pinpoint.handlers.cas_test.P...ameterValidationTest.testBadJson passed
[977/1667] pinpoint.handlers.cas_test.F...nalityTest.testGetUnknownIsolate passed
[978/1667] pinpoint.handlers.cas_test.P...alidationTest.testExtraParameter passed
[979/1667] pinpoint.handlers.cas_test.P...ChangeBecauseOfUnknownRepository passed
[980/1667] pinpoint.handlers.cas_test.F...ityTest.testPostPermissionDenied passed
[981/1667] pinpoint.handlers.cas_test.P...alidationTest.testEmptyParameter passed
[982/1667] pinpoint.handlers.cas_test.A...testPost_Internal_Oauth_Succeeds passed
[983/1667] pinpoint.handlers.commit_test.CommitTest.testPost_Fail passed
[984/1667] pinpoint.handlers.cas_test.P...idationTest.testMissingParameter passed
[985/1667] pinpoint.handlers.commit_test.CommitTest.testPost passed
[986/1667] pinpoint.handlers.commits_te...CommitsHandlerTest.testPost_Fail passed
[987/1667] pinpoint.handlers.cas_test.FunctionalityTest.testPostAndGet passed
[988/1667] pinpoint.handlers.cas_test.P...ChangeBecauseOfUnknownRepository passed
[989/1667] pinpoint.handlers.commits_test.CommitsHandlerTest.testPost passed
[990/1667] pinpoint.handlers.cancel_tes...st.testCancelDelegationSupported passed
[991/1667] pinpoint.handlers.config_test.ConfigTest.testGet_External passed
[992/1667] pinpoint.handlers.config_test.ConfigTest.testGet_Internal passed
[993/1667] pinpoint.handlers.fifo_sched...rTest.testJobStuckInRunning was skipped
[994/1667] graph_json_test.GraphJsonTes...SelectedAndNoSubTest_NoGraphData passed
[995/1667] pinpoint.handlers.fifo_sched...bCancellationSucceedsOnQueuedJob passed
[996/1667] pinpoint.handlers.fifo_sched...CancellationSucceedsOnRunningJob passed
[997/1667] pinpoint.handlers.fifo_sched...foSchedulerTest.testJobCompletes passed
[998/1667] pinpoint.handlers.isolate_te...t_Anonymous_Allowlisted_Succeeds passed
[999/1667] pinpoint.handlers.fifo_sched...t.FifoSchedulerTest.testJobFails passed
[1000/1667] pinpoint.handlers.isolate_t...t_Anonymous_NotAllowlisted_Fails passed
[1001/1667] pinpoint.handlers.isolate_t...st.testPost_External_Oauth_Fails passed
[1002/1667] pinpoint.handlers.fifo_sche...edulerTest.testQueueStatsUpdates passed
[1003/1667] pinpoint.handlers.isolate_t...nalityTest.testGetUnknownIsolate passed
[1004/1667] pinpoint.handlers.isolate_t...eterValidationTest.testBadChange passed
[1005/1667] pinpoint.handlers.isolate_t...ameterValidationTest.testBadJson passed
[1006/1667] pinpoint.handlers.isolate_t...testPost_Internal_Oauth_Succeeds passed
[1007/1667] pinpoint.handlers.isolate_t...alidationTest.testExtraParameter passed
[1008/1667] pinpoint.handlers.isolate_t...FunctionalityTest.testPostAndGet passed
[1009/1667] pinpoint.handlers.isolate_t...alidationTest.testEmptyParameter passed
[1010/1667] pinpoint.handlers.isolate_t...ityTest.testPostPermissionDenied passed
[1011/1667] pinpoint.handlers.isolate_t...ChangeBecauseOfUnknownRepository passed
[1012/1667] pinpoint.handlers.isolate_t...idationTest.testMissingParameter passed
[1013/1667] pinpoint.handlers.job_test.JobTest.testGet_NotStarted passed
[1014/1667] pinpoint.handlers.jobs_test.JobsTest.testGet_NoUser passed
[1015/1667] pinpoint.handlers.isolate_t...ChangeBecauseOfUnknownRepository passed
[1016/1667] pinpoint.handlers.job_test.JobTest.testGet_Started passed
[1017/1667] pinpoint.handlers.fifo_sche...ifoSchedulerTest.testSingleQueue passed
[1018/1667] pinpoint.handlers.jobs_test.JobsTest.testGet_WithBatchId passed
[1019/1667] pinpoint.handlers.jobs_test...t.testGet_WithServiceAccountUser passed
[1020/1667] pinpoint.handlers.fifo_sche...erTest.testSchedulePriorityOrder passed
[1021/1667] pinpoint.handlers.jobs_test.JobsTest.testGet_WithUserFilter passed
[1022/1667] pinpoint.handlers.jobs_test..._WithUserConfigAndComparisonMode passed
[1023/1667] pinpoint.handlers.jobs_test...bsTest.testGet_WithUserAndConfig passed
[1024/1667] pinpoint.handlers.fifo_sche...Test.testJobRunInExecutionEngine passed
[1025/1667] pinpoint.handlers.new_test.NewAuthTest.testFailsOauth passed
[1026/1667] pinpoint.handlers.new_test.NewAuthTest.testPost_NotLoggedIn passed
[1027/1667] pinpoint.handlers.new_test.NewTest.testBadConfiguration passed
[1028/1667] models.upload_completion_to...letionTokenTest.testPutAndUpdate passed
[1029/1667] pinpoint.handlers.new_test.NewTest.testBrowserOverride passed
[1030/1667] pinpoint.handlers.new_test....est.testComparisonModeFunctional passed
[1031/1667] pinpoint.handlers.new_test.NewTest.testComparisonMagnitude passed
[1032/1667] pinpoint.handlers.fifo_sche...lTest.testSchedule_AllBisections passed
[1033/1667] pinpoint.handlers.new_test.NewTest.testComparisonModeOmitted passed
[1034/1667] pinpoint.handlers.new_test....st.testComparisonModePerformance passed
[1035/1667] pinpoint.handlers.new_test....arisonModePerformance_ApplyPatch passed
[1036/1667] pinpoint.handlers.new_test....eTry_ApplyBaseAndExperimentPatch passed
[1037/1667] pinpoint.handlers.new_test.NewTest.testComparisonModeTry passed
[1038/1667] pinpoint.handlers.new_test....pplyBaseAndExperimentPatchLegacy passed
[1039/1667] pinpoint.handlers.new_test....testComparisonModeTry_ApplyPatch passed
[1040/1667] pinpoint.handlers.new_test....omparisonModeTry_BaseAndExpFlags passed
[1041/1667] pinpoint.handlers.new_test....stComparisonModeTry_InvalidPatch passed
[1042/1667] pinpoint.handlers.new_test....arisonModeTry_MissingBaseGitHash passed
[1043/1667] graph_json_test.GraphJsonTest.testPost_NanFiltered passed
[1044/1667] pinpoint.handlers.new_test....eNoPatchAndExperimentCommitPatch passed
[1045/1667] pinpoint.handlers.new_test....risonModeTry_MissingRequiredArgs passed
[1046/1667] pinpoint.handlers.new_test.NewTest.testComparisonModeUnknown passed
[1047/1667] pinpoint.handlers.new_test.NewTest.testEmptyTarget passed
[1048/1667] pinpoint.handlers.new_test....parisonModeTry_SupportDebugTrace passed
[1049/1667] pinpoint.handlers.new_test....deTry_SupportDebugTraceWithPatch passed
[1050/1667] pinpoint.handlers.new_test.NewTest.testEmptyBug passed
[1051/1667] pinpoint.handlers.new_test.NewTest.testInvalidBug passed
[1052/1667] pinpoint.handlers.new_test.NewTest.testInvalidPriority passed
[1053/1667] pinpoint.handlers.new_test.NewTest.testExtraArgsSupported passed
[1054/1667] pinpoint.handlers.new_test.NewTest.testInvalidTagType passed
[1055/1667] pinpoint.handlers.new_test.NewTest.testFallbackTarget passed
[1056/1667] pinpoint.handlers.new_test.NewTest.testInvalidTestConfig passed
[1057/1667] pinpoint.handlers.new_test.NewTest.testInvalidTags passed
[1058/1667] pinpoint.handlers.new_test.NewTest.testMissingTarget passed
[1059/1667] pinpoint.handlers.new_test.NewTest.testNewHasBatchId passed
[1060/1667] pinpoint.handlers.new_test.NewTest.testNewHasBenchmarkArgs passed
[1061/1667] graph_json_test.GraphJsonTest.testPost_ValidRequest passed
[1062/1667] pinpoint.handlers.new_test....Test.testNewPostsCreationMessage passed
[1063/1667] pinpoint.handlers.new_test.NewTest.testNoConfiguration passed
[1064/1667] pinpoint.handlers.new_test.NewTest.testPin passed
[1065/1667] pinpoint.handlers.new_test.NewTest.testPriorityIsAString passed
[1066/1667] pinpoint.handlers.fifo_sche...SchedulerTest.testMultipleQueues passed
[1067/1667] pinpoint.handlers.new_test.NewTest.testPost passed
[1068/1667] pinpoint.handlers.new_test.NewTest.testUnknownQuest passed
[1069/1667] graph_json_test.GraphJsonTe...uest_NoSubTest_ShowsSummaryTests passed
[1070/1667] pinpoint.handlers.migrate_t...tGet_InternalUser_NotAdmin_Fails passed
[1071/1667] pinpoint.handlers.new_test....Test.testNewUsingExecutionEngine passed
[1072/1667] pinpoint.handlers.new_test.NewTest.testQuests passed
[1073/1667] pinpoint.handlers.new_test.NewTest.testQuestsString passed
[1074/1667] pinpoint.handlers.new_test.NewTest.testUserFromAuth passed
[1075/1667] pinpoint.handlers.new_test.NewTest.testUserFromParams passed
[1076/1667] pinpoint.handlers.new_test.NewTest.testValidTags passed
[1077/1667] pinpoint.handlers.new_test.NewTest.testVrQuest passed
[1078/1667] pinpoint.handlers.refresh_j...obsTest.testGetWithCancelledJobs passed
[1079/1667] pinpoint.handlers.results2_...orPostTest.testGet_CallsGenerate passed
[1080/1667] pinpoint.handlers.new_test.NewTest.testWithChanges passed
[1081/1667] pinpoint.handlers.results2_...torPostTest.testGet_ReturnsError passed
[1082/1667] pinpoint.handlers.refresh_jobs_test.RefreshJobsTest.testGet passed
[1083/1667] pinpoint.handlers.results2_...GetTest.testGet_InvalidJob_Error passed
[1084/1667] pinpoint.handlers.new_test.NewTest.testWithPatch passed
[1085/1667] pinpoint.handlers.migrate_t...tGet_InternalUser_NotAdmin_Fails passed
[1086/1667] pinpoint.handlers.results2_...st.testGet_NotStarted_Incomplete passed
[1087/1667] pinpoint.handlers.migrate_t....MigrateTest.testGet_NoMigration passed
[1088/1667] pinpoint.handlers.results2_...s2GetTest.testGet_Schedule_Fails passed
[1089/1667] pinpoint.handlers.results2_...etTest.testGet_Schedule_Succeeds passed
[1090/1667] pinpoint.handlers.migrate_t...hTest.testGet_ExternalUser_Fails passed
[1091/1667] pinpoint.handlers.task_upda...kUpdatesTest.testPostInvalidData passed
[1092/1667] pinpoint.handlers.results2_...estGet_AlreadyRunning_UsesCached passed
[1093/1667] pinpoint.models.cas_test.CASReferenceTest.testPutAndGet passed
[1094/1667] pinpoint.models.cas_test.CA...enceTest.testExpiredCASReference passed
[1095/1667] pinpoint.handlers.stats_test.StatsTest.testPost_ValidRequest passed
[1096/1667] pinpoint.models.cas_test.CA...enceTest.testUnknownCASReference passed
[1097/1667] pinpoint.models.change.change_test.ChangeTest.testChange passed
[1098/1667] pinpoint.handlers.refresh_j...shJobsTest.testGetWithQueuedJobs passed
[1099/1667] pinpoint.models.change.chan...test.ChangeTest.testFromDataDict passed
[1100/1667] pinpoint.models.change.change_test.ChangeTest.testAsDict passed
[1101/1667] pinpoint.models.change.chan..._test.ChangeTest.testFromDataUrl passed
[1102/1667] pinpoint.models.change.chan...st.testFromDictWithJustOneCommit passed
[1103/1667] pinpoint.models.change.chan...test.ChangeTest.testFromUrlPatch passed
[1104/1667] pinpoint.models.change.change_test.ChangeTest.testUpdate passed
[1105/1667] pinpoint.models.change.chan...geTest.testFromDictWithAllFields passed
[1106/1667] pinpoint.handlers.refresh_j...freshJobsTest.testGet_RetryLimit passed
[1107/1667] pinpoint.models.change.chan...geTest.testFromDictWithNonePatch passed
[1108/1667] pinpoint.models.change.chan...st.testUpdateWithMultiplePatches passed
[1109/1667] pinpoint.models.change.chan...est.ChangeTest.testFromUrlCommit passed
[1110/1667] pinpoint.models.change.chan....MidpointTest.testDifferingPatch passed
[1111/1667] pinpoint.handlers.migrate_t...eTest.testGet_ExternalUser_Fails passed
[1112/1667] pinpoint.handlers.refresh_j...hJobsTest.testGet_OverRetryLimit passed
[1113/1667] pinpoint.models.change.chan...tTest.testAdjacentWithNoDepsRoll passed
[1114/1667] pinpoint.models.change.chan...ointTest.testDifferingRepository passed
[1115/1667] pinpoint.models.change.chan...eTest.testBackwardsCompatibility passed
[1116/1667] pinpoint.models.change.comm...mmitCacheTest.testCommitNotFound passed
[1117/1667] pinpoint.models.change.chan...test.MidpointTest.testSameChange passed
[1118/1667] pinpoint.models.change.comm...st.CommitCacheTest.testPutAndGet passed
[1119/1667] pinpoint.models.change.chan...intTest.testAdjacentWithDepsRoll passed
[1120/1667] pinpoint.models.change.chan...st.MidpointTest.testDepsRollLeft passed
[1121/1667] pinpoint.models.change.chan...intTest.testDifferingCommitCount passed
[1122/1667] pinpoint.models.change.commit_test.CommitTest.testAsDict passed
[1123/1667] pinpoint.models.change.chan...t.MidpointTest.testDepsRollRight passed
[1124/1667] pinpoint.models.change.comm...est.testAsDict_UtcOffsetNegative passed
[1125/1667] pinpoint.models.change.commit_test.CommitTest.testCommit passed
[1126/1667] pinpoint.models.change.chan...hDepsRollAndDepAlreadyOverridden passed
[1127/1667] pinpoint.models.change.comm...t.testAsDict_GitHashWithNewlines passed
[1128/1667] pinpoint.models.change.comm...est.testAsDict_UtcOffsetPositive passed
[1129/1667] pinpoint.models.change.chan...est.MidpointTest.testNotAdjacent passed
[1130/1667] pinpoint.models.change.commit_test.CommitTest.testDeps passed
[1131/1667] pinpoint.models.change.comm...ommitTest.testDepsIgnoresInvalid passed
[1132/1667] pinpoint.models.change.comm...mmitTest.testFromDepExistingRepo passed
[1133/1667] pinpoint.models.change.commit_test.CommitTest.testDepsNoVars passed
[1134/1667] pinpoint.models.change.comm...test.CommitTest.testFromDataDict passed
[1135/1667] pinpoint.models.change.comm..._test.CommitTest.testFromDataUrl passed
[1136/1667] pinpoint.models.change.commit_test.CommitTest.testFromDict passed
[1137/1667] pinpoint.models.change.comm...FromDictFailureFromUnknownCommit passed
[1138/1667] pinpoint.models.change.comm...stFromDictFailureFromUnknownRepo passed
[1139/1667] pinpoint.models.change.comm...st.CommitTest.testFromDepNewRepo passed
[1140/1667] pinpoint.handlers.migrate_t...Test.testGet_MigrationInProgress passed
[1141/1667] pinpoint.models.change.comm...mitTest.testFromDictWithNewlines passed
[1142/1667] pinpoint.models.change.comm...t.CommitTest.testFromDict_Caches passed
[1143/1667] pinpoint.models.change.comm...est.CommitTest.testFromUrlBadUrl passed
[1144/1667] pinpoint.models.change.commit_test.CommitTest.testFromUrl passed
[1145/1667] pinpoint.models.change.comm...st.testFromDictWithRepositoryUrl passed
[1146/1667] pinpoint.models.change.comm...mitTest.testFromDictResolvesHEAD passed
[1147/1667] pinpoint.models.change.comm...mmitTest.testFromDict_SkipsCache passed
[1148/1667] pinpoint.models.change.comm...MidpointTest.testAdjacentCommits passed
[1149/1667] pinpoint.models.change.comm...tRaisesWithDifferingRepositories passed
[1150/1667] pinpoint.models.change.comm...pointTest.testMidpointCachesData passed
[1151/1667] pinpoint.models.change.comm...test.MidpointTest.testSameCommit passed
[1152/1667] pinpoint.models.change.patch_test.GerritPatchTest.testAsDict passed
[1153/1667] pinpoint.models.change.patc...atchTest.testAsDict_MissingPatch passed
[1154/1667] pinpoint.models.change.comm...intTest.testRaisesWithEmptyRange passed
[1155/1667] pinpoint.models.change.patc...atchTest.testAsDict_WithNewlines passed
[1156/1667] pinpoint.models.change.patc...GerritPatchTest.testFromDataDict passed
[1157/1667] pinpoint.models.change.patc...ritPatchTest.testBuildParameters passed
[1158/1667] pinpoint.models.change.patc....GerritPatchTest.testFromDataUrl passed
[1159/1667] pinpoint.models.change.patc...tPatchTest.testFromGitClIssueUrl passed
[1160/1667] pinpoint.models.change.patc...est.GerritPatchTest.testFromDict passed
[1161/1667] pinpoint.models.change.patc...test.GerritPatchTest.testFromUrl passed
[1162/1667] pinpoint.models.change.patc...hTest.testFromUrlAlternateFormat passed
[1163/1667] pinpoint.models.change.patc...omUrlAlternateFormatWithRevision passed
[1164/1667] pinpoint.models.change.patc...erritPatchTest.testFromUrlBadUrl passed
[1165/1667] pinpoint.models.change.comm...est.testMidpointWithMergeCommits passed
[1166/1667] pinpoint.models.change.patc...ritPatchTest.testFromUrlWithHash passed
[1167/1667] pinpoint.models.compare.com...e_test.CompareTest.testNoValuesA passed
[1168/1667] pinpoint.models.compare.com...e_test.CompareTest.testNoValuesB passed
[1169/1667] pinpoint.models.compare.com...est.FunctionalTest.testDifferent passed
[1170/1667] pinpoint.models.compare.compare_test.FunctionalTest.testSame passed
[1171/1667] pinpoint.models.change.patc...PatchTest.testPatch_WithNewlines passed
[1172/1667] pinpoint.models.compare.com...st.PerformanceTest.testDifferent passed
[1173/1667] pinpoint.models.compare.com..._test.FunctionalTest.testUnknown passed
[1174/1667] pinpoint.models.change.repo...epositoryRaisesWithDuplicateName passed
[1175/1667] pinpoint.models.compare.com...re_test.PerformanceTest.testSame passed
[1176/1667] pinpoint.models.compare.com...test.PerformanceTest.testUnknown passed
[1177/1667] pinpoint.models.compare.kol...irnovTest.testAllValuesIdentical passed
[1178/1667] pinpoint.models.compare.kol....KolmogorovSmirnovTest.testBasic passed
[1179/1667] pinpoint.models.change.commit_test.MidpointTest.testSuccess passed
[1180/1667] pinpoint.models.compare.kol...vSmirnovTest.testDuplicateValues passed
[1181/1667] pinpoint.models.compare.man...tneyUTest.testAllValuesIdentical passed
[1182/1667] pinpoint.models.compare.man..._test.MannWhitneyUTest.testBasic passed
[1183/1667] pinpoint.models.compare.kol...orovSmirnovTest.testSmallSamples passed
[1184/1667] pinpoint.models.change.patch_test.GerritPatchTest.testPatch passed
[1185/1667] pinpoint.models.compare.man...WhitneyUTest.testDuplicateValues passed
[1186/1667] pinpoint.models.compare.man...annWhitneyUTest.testSmallSamples passed
[1187/1667] pinpoint.models.compare.thr...st.testHighThresholdLowMagnitude passed
[1188/1667] pinpoint.models.compare.thr....testHighThresholdHighSampleSize passed
[1189/1667] pinpoint.models.compare.thr...t.testHighThresholdHighMagnitude passed
[1190/1667] pinpoint.models.compare.thr...est.testHighThresholdPerformance passed
[1191/1667] pinpoint.models.compare.thr...Test.testHighThresholdFunctional passed
[1192/1667] pinpoint.models.change.repo...stRepositoryRaisesWithUnknownUrl passed
[1193/1667] pinpoint.models.compare.thr....ThresholdsTest.testLowThreshold passed
[1194/1667] pinpoint.models.compare.thr...est.testHighThresholdUnknownMode passed
[1195/1667] pinpoint.models.change.repo...positoryUrlRaisesWithUnknownName passed
[1196/1667] pinpoint.models.change.repo...st.RepositoryTest.testRepository passed
[1197/1667] pinpoint.models.evaluators_...st.testDispatchEvaluator_Default passed
[1198/1667] pinpoint.models.evaluators_...tFilteringEvaluator_DoesNotMatch passed
[1199/1667] pinpoint.models.evaluators_...t.testFilteringEvaluator_Matches passed
[1200/1667] pinpoint.models.evaluators_...tPayloadLiftingEvaluator_Default passed
[1201/1667] pinpoint.models.evaluators_...st.testDispatchEvaluator_Matches passed
[1202/1667] pinpoint.models.evaluators_...loadLiftingEvaluator_ExcludeKeys passed
[1203/1667] pinpoint.models.evaluators_...ftingEvaluator_ExcludeEventTypes passed
[1204/1667] pinpoint.models.evaluators_...uator_DoesNotMatchHasAlternative passed
[1205/1667] pinpoint.models.evaluators_...rsTest.testSelector_Combinations passed
[1206/1667] pinpoint.models.evaluators_...uatorsTest.testSelector_TaskType passed
[1207/1667] pinpoint.models.exploration...plorationTest.testSpeculateEmpty passed
[1208/1667] pinpoint.models.exploration...eculateHandleChangeNeverDetected passed
[1209/1667] pinpoint.models.change.repo...RepositoryTest.testRepositoryUrl passed
[1210/1667] pinpoint.models.change.repo...RepositoryTest.testAddRepository passed
[1211/1667] pinpoint.models.evaluators_...atorsTest.testSelector_EventType passed
[1212/1667] pinpoint.models.evaluators_...uatorsTest.testSequenceEvaluator passed
[1213/1667] pinpoint.models.evaluators_...atorsTest.testSelector_Predicate passed
[1214/1667] pinpoint.models.exploration...xplorationTest.testSpeculateEven passed
[1215/1667] pinpoint.models.exploration...ExplorationTest.testSpeculateOdd passed
[1216/1667] pinpoint.models.exploration...nTest.testSpeculateHandleUnknown passed
[1217/1667] pinpoint.models.exploration...tionTest.testSpeculateIterations passed
[1218/1667] pinpoint.models.exploration...tionTest.testSpeculateUnbalanced passed
[1219/1667] pinpoint.models.isolate_test.IsolateTest.testUnknownIsolate passed
[1220/1667] pinpoint.models.isolate_test.IsolateTest.testExpiredIsolate passed
[1221/1667] pinpoint.models.isolate_test.IsolateTest.testPutAndGet passed
[1222/1667] pinpoint.models.job_state_t...angeFailedTest.testFailedAttempt passed
[1223/1667] pinpoint.models.job_state_test.ExploreTest.testPending passed
[1224/1667] pinpoint.models.job_state_t...stChangeFailedTest.testNoChanges passed
[1225/1667] pinpoint.models.job_state_t...tChangeFailedTest.testNoAttempts passed
[1226/1667] pinpoint.models.job_state_test.MeanTest.testInvalidValues passed
[1227/1667] pinpoint.models.job_state_t...eFailedTest.testNoFailedAttempts passed
[1228/1667] pinpoint.models.job_state_test.MeanTest.testValidValues passed
[1229/1667] pinpoint.models.job_state_test.MeanTest.testNoValues passed
[1230/1667] pinpoint.models.job_state_t...duleWorkTest.testAllAttemptsFail passed
[1231/1667] pinpoint.models.job_state_t...eWorkTest.testAbortAfterNChanges passed
[1232/1667] pinpoint.models.job_state_t...loreTest.testDifferentNoMidpoint passed
[1233/1667] pinpoint.models.job_state_t....ScheduleWorkTest.testNoAttempts passed
[1234/1667] pinpoint.models.job_state_test.ExploreTest.testDifferences passed
[1235/1667] pinpoint.models.job_state_test.ScheduleWorkTest.testWorkLeft passed
[1236/1667] pinpoint.models.job_state_t....ScheduleWorkTest.testNoWorkLeft passed
[1237/1667] pinpoint.models.isolate_tes...ateTest.testDeleteExpiredIsolate passed
[1238/1667] pinpoint.models.job_state_test.ExploreTest.testUnknown passed
[1239/1667] pinpoint.models.change.comm...ntinuousMidpointWithMergeCommits passed
[1240/1667] pinpoint.models.job_state_test.ExploreTest.testSame passed
[1241/1667] pinpoint.models.job_state_t...reTest.testDifferentWithMidpoint passed
[1242/1667] pinpoint.models.job_test.Bu...tTest.testCompletedDoesNotReopen passed
[1243/1667] pinpoint.models.job_test.Bu...ntTest.testCompletedDoesReassign passed
[1244/1667] pinpoint.models.job_test.Bu...Differences_BlameAbsoluteLargest passed
[1245/1667] pinpoint.models.job_test.Bu...testCompletedMultipleDifferences passed
[1246/1667] pinpoint.models.job_test.Bu...t.testCompletedMergeIntoExisting passed
[1247/1667] pinpoint.models.job_test.Bu...rences_HundredCulpritsCcTopThree passed
[1248/1667] pinpoint.models.job_test.Bu...ntTest.testCompletedNoComparison passed
[1249/1667] pinpoint.models.job_test.Bu...eDifferences_TenCulpritsCcTopTwo passed
[1250/1667] pinpoint.models.job_test.Bu...etedMultipleDifferences_NoDeltas passed
[1251/1667] pinpoint.models.job_test.Bu...ntTest.testCompletedNoDifference passed
[1252/1667] pinpoint.models.job_test.Bu...ifferenceDueToFailureAtOneChange passed
[1253/1667] pinpoint.models.job_test.Bu...CompletedSkipsMergeWhenDuplicate passed
[1254/1667] pinpoint.models.job_test.Bu...tTest.testCompletedUpdatesGerrit passed
[1255/1667] pinpoint.models.evaluators....luatorTest.testSerializeEmptyJob passed
[1256/1667] pinpoint.models.job_test.Bu...hAutorollCulpritButNotMostRecent passed
[1257/1667] pinpoint.models.job_test.Bu...ntTest.testCompletedWithAutoroll passed
[1258/1667] pinpoint.models.job_test.Bu...mentTest.testCompletedWithCommit passed
[1259/1667] pinpoint.models.job_test.Bu...t.testCompletedWithCommitAndDocs passed
[1260/1667] pinpoint.models.job_test.JobTest.testAsDictOptions_Estimate passed
[1261/1667] pinpoint.models.job_test.JobTest.testAsDictOptions_Inputs passed
[1262/1667] pinpoint.models.quest.execu...test.ExecutionTest.testExecution passed
[1263/1667] pinpoint.models.quest.execu...utionTest.testExecutionCompleted passed
[1264/1667] pinpoint.models.quest.execu...utionTest.testExecutionException passed
[1265/1667] pinpoint.models.quest.execu...xecutionTest.testExecutionFailed passed
[1266/1667] pinpoint.models.quest.execu...estExecutionFailed_FormatUpdated passed
[1267/1667] pinpoint.models.quest.execu...estExecutionRecoverableException passed
[1268/1667] pinpoint.models.job_test.Bu...mmentTest.testCompletedWithPatch passed
[1269/1667] pinpoint.models.job_test.Jo....testAsDictOptions_EstimateFails passed
[1270/1667] pinpoint.models.job_test.Bu...st.testCompletedWithInvalidIssue passed
[1271/1667] pinpoint.models.quest.find_...test.BuildTest.testBuildCanceled passed
[1272/1667] pinpoint.models.quest.find_..._test.BuildTest.testBuildFailure passed
[1273/1667] pinpoint.models.job_test.BugCommentTest.testFailed passed
[1274/1667] pinpoint.models.job_test.BugCommentTest.testStarted passed
[1275/1667] pinpoint.models.quest.find_...t.BuildTest.testBuildNoReviewUrl passed
[1276/1667] pinpoint.models.quest.find_...solateQuestTest.testAllArguments passed
[1277/1667] pinpoint.models.quest.find_...olateQuestTest.testMissingBucket passed
[1278/1667] pinpoint.models.quest.find_...lateQuestTest.testMissingBuilder passed
[1279/1667] pinpoint.models.job_test.BugCommentTest.testNoBug passed
[1280/1667] pinpoint.models.quest.find_...olateQuestTest.testMissingTarget passed
[1281/1667] pinpoint.models.job_test.Bu...ailed_ExceptionDetailsFieldAdded passed
[1282/1667] pinpoint.models.quest.find_...uildSucceededButIsolateIsMissing passed
[1283/1667] pinpoint.models.quest.find_...test.BuildTest.testBuildNoBucket passed
[1284/1667] pinpoint.models.quest.quest_test.QuestTest.testQuest passed
[1285/1667] pinpoint.models.quest.read_...ValueTest.testReadGraphJsonValue passed
[1286/1667] pinpoint.models.quest.read_...adGraphJsonValueWithMissingChart passed
[1287/1667] pinpoint.models.quest.read_...eadGraphJsonValueWithMissingFile passed
[1288/1667] pinpoint.models.quest.read_...adGraphJsonValueWithMissingTrace passed
[1289/1667] pinpoint.models.quest.read_...sonValue_PerformanceBrowserTests passed
[1290/1667] pinpoint.models.quest.find_...tBuildSucceedsAndIsolateIsCached passed
[1291/1667] pinpoint.models.quest.read_...estTest.testArgumentsWithNoChart passed
[1292/1667] pinpoint.models.quest.read_...dValueQuestTest.testAllArguments passed
[1293/1667] pinpoint.models.quest.read_...ArgumentsWithStoryInsteadOfTrace passed
[1294/1667] pinpoint.models.quest.read_...stTest.testGraphJsonMissingTrace passed
[1295/1667] pinpoint.models.quest.read_...stTest.testGraphJsonMissingChart passed
[1296/1667] pinpoint.models.quest.read_...ueQuestTest.testMinimumArguments passed
[1297/1667] pinpoint.models.quest.read_...t.ReadValueQuestTest.testWindows passed
[1298/1667] pinpoint.models.quest.read_...t.testMetricPropertyReturnsChart passed
[1299/1667] pinpoint.models.job_test.Re...tarted_RecoverableError_BacksOff passed
[1300/1667] pinpoint.models.quest.find_...kupTest.testIsolateLookupSuccess passed
[1301/1667] pinpoint.models.quest.find_...kupTest.testIsolateLookupFailure passed
[1302/1667] pinpoint.models.quest.read_...st.testReadGraphJsonValueFromCAS passed
[1303/1667] pinpoint.models.quest.read_...hJsonValueWithMissingFileFromCAS passed
[1304/1667] pinpoint.models.quest.read_...eadGraphJsonValueWithMissingFile passed
[1305/1667] pinpoint.models.quest.read_...ValueTest.testReadGraphJsonValue passed
[1306/1667] pinpoint.models.quest.find_...testIsolateLookupFallbackSuccess passed
[1307/1667] pinpoint.models.quest.read_...adGraphJsonValueWithMissingTrace passed
[1308/1667] pinpoint.models.quest.read_...ogramsDiagnosticRefSkipTraceUrls passed
[1309/1667] pinpoint.models.quest.read_...ogramsJsonValueEmptyHistogramSet passed
[1310/1667] pinpoint.models.quest.read_...Test.testReadHistogramsJsonValue passed
[1311/1667] pinpoint.models.quest.read_...onValueGroupingLabelWithNoValues passed
[1312/1667] pinpoint.models.quest.find_...est.BuildTest.testBuildLifecycle passed
[1313/1667] pinpoint.models.quest.read_...gramsJsonValueStatisticNoSamples passed
[1314/1667] pinpoint.models.quest.read_...ogramsJsonValueStoryWithNoValues passed
[1315/1667] pinpoint.models.quest.read_...togramsJsonValueStoryNeedsEscape passed
[1316/1667] pinpoint.models.quest.read_...ReadHistogramsJsonValueStatistic passed
[1317/1667] pinpoint.models.quest.read_...sonValueHistogramNameNeedsEscape passed
[1318/1667] pinpoint.models.quest.read_...gramsJsonValueMultipleHistograms passed
[1319/1667] pinpoint.models.quest.read_...stogramsJsonValueWithMissingFile passed
[1320/1667] pinpoint.models.quest.find_...BuildTest.testSimultaneousBuilds passed
[1321/1667] pinpoint.models.quest.read_...amsJsonValueWithMissingHistogram passed
[1322/1667] pinpoint.models.quest.read_...adHistogramsJsonValueWithNoStory passed
[1323/1667] pinpoint.models.quest.read_...ramsJsonValueWithNoGroupingLabel passed
[1324/1667] pinpoint.models.quest.read_...amsJsonValueSummaryGroupingLabel passed
[1325/1667] pinpoint.models.quest.read_value_test.ReadValueTest.testReadHistogramsProtoValue failed unexpectedly:
  Traceback (most recent call last):
    File "/usr/local/google/home/sunxiaodi/Projects/chromium/src/third_party/catapult/dashboard/dashboard/pinpoint/models/quest/read_value_test.py", line 856, in testReadHistogramsProtoValue
      hist_set = histogram_proto.Pb2().HistogramSet()
    File "/usr/local/google/home/sunxiaodi/Projects/chromium/src/third_party/catapult/tracing/tracing/proto/histogram_proto.py", line 48, in Pb2
      _EnsureProto()
    File "/usr/local/google/home/sunxiaodi/Projects/chromium/src/third_party/catapult/tracing/tracing/proto/histogram_proto.py", line 39, in _EnsureProto
      assert HAS_PROTO, ('Tried to use histogram protos, but missing '
  AssertionError: Tried to use histogram protos, but missing histogram_pb2.py. Try cd tracing/proto && make.
[1326/1667] pinpoint.models.quest.read_...dHistogramsJsonValueWithNoValues passed
[1327/1667] pinpoint.models.quest.read_value_test.ReadValueTest.testReadHistogramsProtoValueEmptyHistogramSet failed unexpectedly:
  Traceback (most recent call last):
    File "/usr/local/google/home/sunxiaodi/Projects/chromium/src/third_party/catapult/dashboard/dashboard/pinpoint/models/quest/read_value_test.py", line 875, in testReadHistogramsProtoValueEmptyHistogramSet
      hist_set = histogram_proto.Pb2().HistogramSet()
    File "/usr/local/google/home/sunxiaodi/Projects/chromium/src/third_party/catapult/tracing/tracing/proto/histogram_proto.py", line 48, in Pb2
      _EnsureProto()
    File "/usr/local/google/home/sunxiaodi/Projects/chromium/src/third_party/catapult/tracing/tracing/proto/histogram_proto.py", line 39, in _EnsureProto
      assert HAS_PROTO, ('Tried to use histogram protos, but missing '
  AssertionError: Tried to use histogram protos, but missing histogram_pb2.py. Try cd tracing/proto && make.
[1328/1667] pinpoint.models.job_test.Re...tStarted_RecoverableError_Resets passed
[1329/1667] pinpoint.models.quest.run_b...st.FromDictTest.testAllArguments passed
[1330/1667] pinpoint.models.quest.run_g...romDictTest.testMinimumArguments passed
[1331/1667] pinpoint.models.quest.run_g...st.FromDictTest.testAllArguments passed
[1332/1667] pinpoint.models.quest.run_i...st.FromDictTest.testAllArguments passed
[1333/1667] pinpoint.models.quest.read_...ogramsJsonValueSummaryNoHistName passed
[1334/1667] pinpoint.models.quest.run_i...romDictTest.testMinimumArguments passed
[1335/1667] pinpoint.models.quest.run_l...DictTest.testMinimumArgumentsEve passed
[1336/1667] pinpoint.models.quest.run_p...romDictTest.testMinimumArguments passed
[1337/1667] pinpoint.models.quest.run_t...romDictTest.testMinimumArguments passed
[1338/1667] pinpoint.models.quest.run_b...romDictTest.testMinimumArguments passed
[1339/1667] pinpoint.models.quest.run_t...st.FromDictTest.testAllArguments passed
[1340/1667] pinpoint.models.quest.run_t...romDictTest.testMissingBenchmark passed
[1341/1667] pinpoint.models.quest.read_...Test.testReadHistogramsTraceUrls passed
[1342/1667] pinpoint.models.quest.run_t....FromDictTest.testMissingBrowser passed
[1343/1667] pinpoint.models.quest.run_t....testStartupBenchmarkRepeatCount passed
[1344/1667] pinpoint.models.quest.run_t...st_test.FromDictTest.testWebview passed
[1345/1667] pinpoint.models.quest.read_...stReadHistogramsJsonValueSummary passed
[1346/1667] pinpoint.models.quest.run_t...ry_test_test.StartTest.testStart passed
[1347/1667] pinpoint.models.quest.run_t...andlingTest.testExecutionExpired passed
[1348/1667] pinpoint.models.quest.run_t..._test.StartTest.testSwarmingTags passed
[1349/1667] pinpoint.models.quest.run_t....StartTest.testExtraArgsInChange passed
[1350/1667] pinpoint.models.quest.run_t....testSwarmingTagsWithStoryFilter passed
[1351/1667] pinpoint.models.quest.run_t...st.FromDictTest.testAllArguments passed
[1352/1667] pinpoint.models.quest.run_t...yFilter_RevMissingCommitPosition passed
[1353/1667] pinpoint.models.quest.run_t...tFirstExecutionFailedWithNoBotId passed
[1354/1667] pinpoint.models.quest.run_t...stSwarmingTagsWithStoryTagFilter passed
[1355/1667] pinpoint.models.quest.run_t...gTest.testSimultaneousExecutions passed
[1356/1667] pinpoint.models.quest.run_t...ictTest.testInvalidExtraTestArgs passed
[1357/1667] pinpoint.models.quest.run_t...omDictTest.testMissingDimensions passed
[1358/1667] pinpoint.models.quest.run_t...ctTest.testMissingSwarmingServer passed
[1359/1667] pinpoint.models.quest.run_t...romDictTest.testMinimumArguments passed
[1360/1667] pinpoint.models.quest.run_t...romDictTest.testStringDimensions passed
[1361/1667] pinpoint.models.quest.run_t...ullTest.testStart_NoSwarmingTags passed
[1362/1667] pinpoint.models.quest.run_t...DictTest.testStringExtraTestArgs passed
[1363/1667] pinpoint.models.quest.run_test_test.StartTest.testStart passed
[1364/1667] pinpoint.models.quest.run_v...roidFromDictTest.testMinimumArgs passed
[1365/1667] pinpoint.models.quest.run_v...oidFromDictTest.testBrowsingArgs passed
[1366/1667] pinpoint.models.quest.run_v...idFromDictTest.testCardboardArgs passed
[1367/1667] pinpoint.models.quest.run_v...ndroidFromDictTest.testNonBundle passed
[1368/1667] pinpoint.models.quest.run_v...owsFromDictTest.testContentShell passed
[1369/1667] pinpoint.models.quest.run_t...TaskStatusTest.testSwarmingError passed
[1370/1667] pinpoint.models.quest.run_v...dowsFromDictTest.testMinimumArgs passed
[1371/1667] pinpoint.models.quest.run_w...st.testMinimumArgumentsWebEngine passed
[1372/1667] pinpoint.models.quest.run_w...est.testGtestFilterEndingWithBob passed
[1373/1667] pinpoint.models.quest.run_t...mingTaskStatusTest.testTestError passed
[1374/1667] pinpoint.models.quest.run_w...ictTest.testAndroidConfiguration passed
[1375/1667] pinpoint.models.quest.run_w...tc_test_test.StartTest.testStart passed
[1376/1667] pinpoint.models.quest.run_t...test.RunTestFullTest.testSuccess passed
[1377/1667] pinpoint.models.quest.run_w...romDictTest.testMinimumArguments passed
[1378/1667] pinpoint.models.quest.run_w...tGtestFilterWithMidWordUppercase passed
[1379/1667] pinpoint.models.quest.run_w...omDictTest.testGtestFilterRampUp passed
[1380/1667] pinpoint.models.quest.run_t....RunTestFullTest.testSuccess_Cas passed
[1381/1667] pinpoint.models.results2_te...sults2Generation2_AlreadyRunning passed
[1382/1667] pinpoint.models.results2_te...lts2Generation2_FailedPreviously passed
[1383/1667] pinpoint.models.results2_te...hedResults2_Cached_ReturnsResult passed
[1384/1667] pinpoint.models.results2_te...GetCachedResults2_Uncached_Fails passed
[1385/1667] pinpoint.models.task_test.D...LeavesNonTransitionFailuresAlone passed
[1386/1667] pinpoint.models.results2_te...ateResults2Test.testPost_Renders passed
[1387/1667] pinpoint.models.task_test.D...testHandlesLogTransitionFailures passed
[1388/1667] pinpoint.models.results2_te...ispatch_LegacyGraphJsonExecution passed
[1389/1667] pinpoint.models.results2_te...ispatch_LegacyHistogramExecution passed
[1390/1667] pinpoint.models.results2_te...adValueExecution_MultipleChanges passed
[1391/1667] pinpoint.models.results2_te...lts2Test.testTypeDispatch_PushBQ passed
[1392/1667] pinpoint.models.results2_te...tTypeDispatch_ReadValueExecution passed
[1393/1667] pinpoint.models.task_test.E...eTest.testEvaluateConverges was skipped
[1394/1667] pinpoint.models.task_test.P...lateTests.testPopulateEmptyGraph passed
[1395/1667] pinpoint.models.task_test.P...teTests.testPopulateIslands was skipped
[1396/1667] pinpoint.handlers.task_upda...kUpdatesTest.testHandlerGoodCase passed
[1397/1667] pinpoint.models.task_test.P...estPopulateAndEvaluateAdderGraph passed
[1398/1667] pinpoint.models.task_test.E...ateInvalidAmendment_ExistingTask passed
[1399/1667] pinpoint.models.task_test.E...nvalidAmendment_BrokenDependency passed
[1400/1667] pinpoint.models.task_test.P...s.testPopulateEvaluateCallCounts passed
[1401/1667] pinpoint.models.task_test.E...st.testEvaluateInvalidTransition passed
[1402/1667] pinpoint.models.tasks.find_...orTest.testInitiate_FoundIsolate passed
[1403/1667] pinpoint.models.quest.read_...msJsonValueGroupingLabelOptional passed
[1404/1667] pinpoint.models.tasks.find_...rTest.testInitiate_ScheduleBuild passed
[1405/1667] pinpoint.models.tasks.find_...testUpdate_BuildFailed_Cancelled passed
[1406/1667] pinpoint.models.tasks.find_...e_BuildFailed_ScheduleRetry was skipped
[1407/1667] pinpoint.models.tasks.find_...rTest.testUpdate_BuildSuccessful passed
[1408/1667] pinpoint.models.tasks.find_...stUpdate_BuildFailed_HardFailure passed
[1409/1667] pinpoint.models.tasks.perfo...eCulpritFound_CancelOngoing was skipped
[1410/1667] pinpoint.models.tasks.perfo..._IntermediatePartialFailure was skipped
[1411/1667] pinpoint.models.task_test.E...luateStateTransitionProgressions passed
[1412/1667] pinpoint.models.tasks.perfo...termediateCulpritIsAutoRoll was skipped
[1413/1667] pinpoint.models.tasks.find_...estUpdate_MissingIsolates_Hashes passed
[1414/1667] pinpoint.models.tasks.find_...date_MissingIsolates_InvalidJson passed
[1415/1667] pinpoint.models.tasks.perfo...uateFailure_ExtentClsFailed was skipped
[1416/1667] pinpoint.models.task_test.PopulateTests.testPopulateCycles passed
[1417/1667] pinpoint.models.tasks.find_...tUpdate_MissingIsolates_Revision passed
[1418/1667] pinpoint.models.tasks.find_...estUpdate_MissingIsolates_Server passed
[1419/1667] pinpoint.models.tasks.perfo....EvaluatorTest.testPopulateWorks passed
[1420/1667] pinpoint.models.tasks.read_...est.testEvaluateFailedDependency passed
[1421/1667] pinpoint.models.tasks.read_...aluateFail_GraphJsonMissingChart passed
[1422/1667] pinpoint.models.tasks.read_...aluateFail_GraphJsonMissingTrace passed
[1423/1667] pinpoint.models.evaluators....t.EvaluatorTest.testSerializeJob passed
[1424/1667] pinpoint.models.tasks.read_...valuateFailure_EmptyHistogramSet passed
[1425/1667] pinpoint.models.tasks.read_...uateFailure_GraphJsonMissingFile passed
[1426/1667] pinpoint.models.tasks.perfo...aluateFailure_DependenciesFailed passed
[1427/1667] pinpoint.handlers.migrate_test.MigrateTest.testPost_EndToEnd passed
[1428/1667] pinpoint.models.tasks.perfo...ateFailure_DependenciesNoResults passed
[1429/1667] pinpoint.models.task_test.P...tPouplateAndEvaluateGrowingGraph passed
[1430/1667] pinpoint.models.tasks.read_...st.testEvaluateSuccess_GraphJson passed
[1431/1667] pinpoint.models.tasks.read_...aluateFailure_HistogramNoSamples passed
[1432/1667] pinpoint.models.tasks.read_...estEvaluateSuccess_HistogramStat passed
[1433/1667] pinpoint.models.tasks.perfo...stEvaluateSuccess_NoReproduction passed
[1434/1667] pinpoint.models.tasks.read_...valuateFailure_HistogramNoValues passed
[1435/1667] pinpoint.models.tasks.read_...uccess_HistogramSkipRefTraceUrls passed
[1436/1667] pinpoint.models.tasks.run_t...valuateHandleFailures_Retry was skipped
[1437/1667] pinpoint.models.tasks.read_...uccess_HistogramStoryNeedsEscape passed
[1438/1667] pinpoint.models.tasks.run_t...st.testEvaluatePendingDependency passed
[1439/1667] pinpoint.models.tasks.run_t...idatorTest.testMissingDependency passed
[1440/1667] pinpoint.models.tasks.read_...luateSuccess_HistogramsTraceUrls passed
[1441/1667] pinpoint.models.tasks.run_t...est.testEvaluateFailedDependency passed
[1442/1667] pinpoint.models.tasks.read_...aluateSuccess_MultipleHistograms passed
[1443/1667] pinpoint.models.tasks.run_t...testMissingExecutionOutputs was skipped
[1444/1667] pinpoint.models.tasks.run_t...Test.testMissingDependencyInputs passed
[1445/1667] graph_json_test.GraphJsonTe...ReturnsCorrectAnomalyAnnotations passed
[1446/1667] pinpoint.models.timing_reco...RecordTimingTest.testRecord_Once passed
[1447/1667] pinpoint.models.timing_reco...est.testRecord_Estimate_Recorded passed
[1448/1667] pinpoint.models.timing_reco...Timings_NoStory_MatchesBenchmark passed
[1449/1667] pinpoint.models.tasks.read_...est.testEvaluateSuccess_WithData passed
[1450/1667] pinpoint.models.timing_reco...gs_NoConfiguration_MatchesAnyTry passed
[1451/1667] pinpoint.models.tasks.read_...EvaluateSuccess_HistogramSummary passed
[1452/1667] pinpoint.models.timing_reco...NoBenchmark_MatchesConfiguration passed
[1453/1667] pinpoint.models.timing_reco...t.testRecord_Performance_Success passed
[1454/1667] pinpoint.models.timing_reco...imingTest.testRecord_Try_Success passed
[1455/1667] pinpoint_request_test.Pinpo...ointParams_BisectMode_Functional passed
[1456/1667] pinpoint_request_test.Pinpo...nitude.testPinpointParams_NoData passed
[1457/1667] pinpoint_request_test.Pinpo...s_BisectMode_Invalid_RaisesError passed
[1458/1667] pinpoint_request_test.Pinpo...arams_InvalidSheriff_RaisesError passed
[1459/1667] pinpoint_request_test.Pinpo...Params_ComparisonMagnitude_Added passed
[1460/1667] pinpoint_request_test.Pinpo...arams_ConvertsCommitsToGitHashes passed
[1461/1667] pinpoint_request_test.Pinpo...ntParams_IsolateTarget_LacrosEve passed
[1462/1667] pinpoint_request_test.Pinpo...arams_IsolateTarget_NonTelemetry passed
[1463/1667] pinpoint_request_test.Pinpo...lateTarget_FuchsiaPerf_WebEngine passed
[1464/1667] pinpoint_request_test.Pinpo...ntParams_IsolateTarget_Telemetry passed
[1465/1667] pinpoint_request_test.Pinpo...s_IsolateTarget_WebviewTelemetry passed
[1466/1667] pinpoint_request_test.Pinpo...pointParams_Metric_ChartAndTrace passed
[1467/1667] pinpoint_request_test.Pinpo...npointParams_Metric_TopLevelOnly passed
[1468/1667] pinpoint_request_test.Pinpo...ointParams_SkipsConvertingHashes passed
[1469/1667] pinpoint.models.timing_reco...GetSimilarHistoricalTimings_Same passed
[1470/1667] pinpoint_request_test.Pinpo...etric_GroupingLabelChartAndTrace passed
[1471/1667] pinpoint_request_test.Pinpo...rTest.testPost_Fails_AddsToAlert passed
[1472/1667] pinpoint_request_test.Pinpo...andlerTest.testPost_NewJob_Fails passed
[1473/1667] pinpoint_request_test.Pinpo...tHandlerTest.testPost_NotSheriff passed
[1474/1667] pinpoint_request_test.Pinpo...estHandlerTest.testPost_Succeeds passed
[1475/1667] pinpoint_request_test.Pinpo...andlerTest.testPinpointParams_V8 passed
[1476/1667] pinpoint_request_test.Pinpo...inpointParams_ComparisonMode_Try passed
[1477/1667] pinpoint_request_test.Pinpo...rTest.testPinpointParams_WithPin passed
[1478/1667] pinpoint_request_test.Pinpo...arams_ConvertsCommitsToGitHashes passed
[1479/1667] pinpoint_request_test.Pinpo...st.testPost_Succeeds_AddsToAlert passed
[1480/1667] pinpoint_request_test.Pinpo...arams_InvalidSheriff_RaisesError passed
[1481/1667] pinpoint_request_test.Pinpo...lateTarget_FuchsiaPerf_WebEngine passed
[1482/1667] pinpoint_request_test.Pinpo...ntParams_IsolateTarget_Telemetry passed
[1483/1667] pinpoint_request_test.Pinpo...ntParams_IsolateTarget_LacrosEve passed
[1484/1667] pinpoint_request_test.Pinpo...ointParams_IsolateTarget_VRTests passed
[1485/1667] pinpoint_request_test.Pinpo...s_IsolateTarget_WebviewTelemetry passed
[1486/1667] pinpoint_request_test.Pinpo...ointParams_SkipsConvertingHashes passed
[1487/1667] pinpoint_request_test.Pinpo...andlerTest.testPinpointParams_V8 passed
[1488/1667] pinpoint_request_test.Pinpo...estPinpointParams_StoryFilterSet passed
[1489/1667] pinpoint_request_test.Pinpo...tPinpointParams_SplitsStatistics passed
[1490/1667] report_test.ReportTest.testGet passed
[1491/1667] pinpoint_request_test.Pinpo...itude.testPinpointParams_NoAlert passed
[1492/1667] pinpoint_request_test.Pinpo...ndlerTest.testPost_NoStoryFilter passed
[1493/1667] pinpoint_request_test.Pinpo...tHandlerTest.testPost_NotSheriff passed
[1494/1667] report_test.ReportTest.testGet_OldUri passed
[1495/1667] pinpoint_request_test.Pinpo...estHandlerTest.testPost_Succeeds passed
[1496/1667] report_test.ReportTest.testGet_OldUriMissingTestParam passed
[1497/1667] pinpoint_request_test.Pinpo....testPost_UsesUnescapedStoryName passed
[1498/1667] report_test.ReportTest.testGet_OldUriWithRevisionParams passed
[1499/1667] revision_info_client_test.R...estGetRangeRevisionInfo_NotFound passed
[1500/1667] services.buildbucket_servic...cketServiceTest.testGetJobStatus passed
[1501/1667] services.buildbucket_servic...t.BuildbucketServiceTest.testPut passed
[1502/1667] services.buildbucket_servic...uildbucketServiceTest.testPutJob passed
[1503/1667] services.cas_service_test.R...SServiceTest.testNormalizeDigest passed
[1504/1667] services.cas_service_test.R...ceTest.testNormalizeDigest_Empty passed
[1505/1667] services.cas_service_test.R...st.testNormalizeDigest_FromProto passed
[1506/1667] services.crrev_service_test...rrevServiceTest.testGetNumbering passed
[1507/1667] pinpoint_request_test.Pinpo...ntParams_OverriddenAnomalyConfig passed
[1508/1667] services.gerrit_service_tes...mingTest.testGetChangeWithFields passed
[1509/1667] services.gerrit_service_test._SwarmingTest.testGetChange passed
[1510/1667] services.gerrit_service_tes...armingTest.testPostChangeComment passed
[1511/1667] services.gitiles_service_test.GitilesTest.testCache passed
[1512/1667] services.gitiles_service_test.GitilesTest.testCommitInfo passed
[1513/1667] services.gitiles_service_te...lesTest.testCommitRangePaginated passed
[1514/1667] services.gitiles_service_test.GitilesTest.testCommitRange passed
[1515/1667] services.gitiles_service_test.GitilesTest.testFileContents passed
[1516/1667] services.isolate_test.Isola...ceTest.testRetrieveUnknownFormat passed
[1517/1667] services.isolate_test.IsolateServiceTest.testRetrieveContent passed
[1518/1667] services.isolate_test.IsolateServiceTest.testRetrieveUrl passed
[1519/1667] services.issue_tracker_serv...viceTest.testAddBugComment_Basic passed
[1520/1667] services.issue_tracker_serv...ddBugComment_Basic_ProjectIsNone passed
[1521/1667] services.issue_tracker_serv...AddBugComment_Basic_EmptyProject passed
[1522/1667] services.issue_tracker_serv...viceTest.testAddBugComment_Error passed
[1523/1667] services.issue_tracker_serv...eTest.testAddBugComment_MergeBug passed
[1524/1667] services.issue_tracker_serv...ugComment_WithOptionalParameters passed
[1525/1667] services.issue_tracker_serv...ugComment_WithNoBug_ReturnsFalse passed
[1526/1667] pinpoint.models.tasks.run_t...stEvaluateHandleFailures_Expired passed
[1527/1667] revision_info_client_test.R...oClient.testGetRangeRevisionInfo passed
[1528/1667] services.issue_tracker_serv...Request_IssueDeleted_ReturnsTrue passed
[1529/1667] services.issue_tracker_serv...rCantOwn_RetryMakeCommentRequest passed
[1530/1667] services.issue_tracker_serv...testNewBug_Failure_HTTPException passed
[1531/1667] services.issue_tracker_serv...NotExist_RetryMakeCommentRequest passed
[1532/1667] services.issue_tracker_serv...ewBug_Failure_NewBugReturnsError passed
[1533/1667] services.issue_tracker_serv...stNewBug_Success_NewBugReturnsId passed
[1534/1667] services.issue_tracker_serv...Bug_HttpError_NewBugReturnsError passed
[1535/1667] pinpoint_request_test.Pinpo...ude.testPinpointParams_GitHashes passed
[1536/1667] services.issue_tracker_serv...testNewBug_Success_ProjectIsNone passed
[1537/1667] services.issue_tracker_serv...estNewBug_Success_ProjectIsEmpty passed
[1538/1667] services.issue_tracker_serv...ewBug_Success_SupportNonChromium passed
[1539/1667] services.issue_tracker_serv...st.testNewBug_UsesExpectedParams passed
[1540/1667] services.pinpoint_service_t...t.PinpointServiceTest.testNewJob passed
[1541/1667] services.pinpoint_service_t...testRequest_Unprivileged_Asserts passed
[1542/1667] services.issue_tracker_serv...wBug_UsesExpectedParamsSansOwner passed
[1543/1667] services.request_test.CacheTest.testRequestBody passed
[1544/1667] services.request_test.CacheTest.testResponseTooLarge passed
[1545/1667] services.request_test.CacheTest.testSetAndGet passed
[1546/1667] services.request_test.Failu....testHttpErrorCodeSuccessOnRetry passed
[1547/1667] services.request_test.AuthTest.testNoAuth passed
[1548/1667] services.request_test.Failu....testHttpExceptionSuccessOnRetry passed
[1549/1667] services.request_test.FailureAndRetryTest.testHttpException passed
[1550/1667] services.request_test.FailureAndRetryTest.testSocketError passed
[1551/1667] services.request_test.FailureAndRetryTest.testNotFound passed
[1552/1667] services.request_test.Failu...dRetryTest.testHttpNotAuthorized passed
[1553/1667] services.request_test.FailureAndRetryTest.testHttpErrorCode passed
[1554/1667] services.request_test.Failu...st.testSocketErrorSuccessOnRetry passed
[1555/1667] services.request_test.SuccessTest.testRequest passed
[1556/1667] services.swarming_test.BotTest.testGet passed
[1557/1667] services.request_test.Succe...testRequestWithBodyAndParameters passed
[1558/1667] services.request_test.SuccessTest.testRequestJsonWithPrefix passed
[1559/1667] services.swarming_test.BotTest.testTasks passed
[1560/1667] services.swarming_test.BotsTest.testList passed
[1561/1667] revision_info_client_test.R...estGetRangeRevisionInfo_Suffixed passed
[1562/1667] services.swarming_test.TaskTest.testCancel passed
[1563/1667] services.swarming_test.TaskTest.testRequest passed
[1564/1667] services.request_test.SuccessTest.testRequestJson passed
[1565/1667] services.swarming_test.Task...t.testResultWithPerformanceStats passed
[1566/1667] services.swarming_test.TaskTest.testStdout passed
[1567/1667] services.swarming_test.TaskTest.testResult passed
[1568/1667] services.swarming_test.TasksTest.testNew passed
[1569/1667] sheriff_config_client_test.SheriffConfigClientTest.testList failed unexpectedly:
  Traceback (most recent call last):
    File "/usr/local/google/home/sunxiaodi/Projects/chromium/src/third_party/catapult/third_party/mock/mock.py", line 1201, in patched
      return func(*args, **keywargs)
    File "/usr/local/google/home/sunxiaodi/Projects/chromium/src/third_party/catapult/dashboard/dashboard/sheriff_config_client_test.py", line 98, in testList
      clt = sheriff_config_client.SheriffConfigClient()
    File "/usr/local/google/home/sunxiaodi/Projects/chromium/src/third_party/catapult/dashboard/dashboard/sheriff_config_client.py", line 40, in __init__
      from dashboard import sheriff_config_pb2
  ImportError: cannot import name sheriff_config_pb2
[1570/1667] sheriff_config_client_test.SheriffConfigClientTest.testMatch failed unexpectedly:
  Traceback (most recent call last):
    File "/usr/local/google/home/sunxiaodi/Projects/chromium/src/third_party/catapult/third_party/mock/mock.py", line 1201, in patched
      return func(*args, **keywargs)
    File "/usr/local/google/home/sunxiaodi/Projects/chromium/src/third_party/catapult/dashboard/dashboard/sheriff_config_client_test.py", line 54, in testMatch
      clt = sheriff_config_client.SheriffConfigClient()
    File "/usr/local/google/home/sunxiaodi/Projects/chromium/src/third_party/catapult/dashboard/dashboard/sheriff_config_client.py", line 40, in __init__
      from dashboard import sheriff_config_pb2
  ImportError: cannot import name sheriff_config_pb2
[1571/1667] sheriff_config_client_test.SheriffConfigClientTest.testMatchFailedCheck failed unexpectedly:
  Traceback (most recent call last):
    File "/usr/local/google/home/sunxiaodi/Projects/chromium/src/third_party/catapult/third_party/mock/mock.py", line 1201, in patched
      return func(*args, **keywargs)
    File "/usr/local/google/home/sunxiaodi/Projects/chromium/src/third_party/catapult/dashboard/dashboard/sheriff_config_client_test.py", line 256, in testMatchFailedCheck
      clt = sheriff_config_client.SheriffConfigClient()
    File "/usr/local/google/home/sunxiaodi/Projects/chromium/src/third_party/catapult/dashboard/dashboard/sheriff_config_client.py", line 40, in __init__
      from dashboard import sheriff_config_pb2
  ImportError: cannot import name sheriff_config_pb2
[1572/1667] short_uri_test.ShortUriTest.testGet_NoSID passed
[1573/1667] sheriff_config_client_test.SheriffConfigClientTest.testMatchWithAnomalyConfig failed unexpectedly:
  Traceback (most recent call last):
    File "/usr/local/google/home/sunxiaodi/Projects/chromium/src/third_party/catapult/third_party/mock/mock.py", line 1201, in patched
      return func(*args, **keywargs)
    File "/usr/local/google/home/sunxiaodi/Projects/chromium/src/third_party/catapult/dashboard/dashboard/sheriff_config_client_test.py", line 142, in testMatchWithAnomalyConfig
      clt = sheriff_config_client.SheriffConfigClient()
    File "/usr/local/google/home/sunxiaodi/Projects/chromium/src/third_party/catapult/dashboard/dashboard/sheriff_config_client.py", line 40, in __init__
      from dashboard import sheriff_config_pb2
  ImportError: cannot import name sheriff_config_pb2
[1574/1667] sheriff_config_client_test.SheriffConfigClientTest.testMatchWithAutoTriageMergeAndBisectOptIn failed unexpectedly:
  Traceback (most recent call last):
    File "/usr/local/google/home/sunxiaodi/Projects/chromium/src/third_party/catapult/third_party/mock/mock.py", line 1201, in patched
      return func(*args, **keywargs)
    File "/usr/local/google/home/sunxiaodi/Projects/chromium/src/third_party/catapult/dashboard/dashboard/sheriff_config_client_test.py", line 196, in testMatchWithAutoTriageMergeAndBisectOptIn
      clt = sheriff_config_client.SheriffConfigClient()
    File "/usr/local/google/home/sunxiaodi/Projects/chromium/src/third_party/catapult/dashboard/dashboard/sheriff_config_client.py", line 40, in __init__
      from dashboard import sheriff_config_pb2
  ImportError: cannot import name sheriff_config_pb2
[1575/1667] sheriff_config_client_test.SheriffConfigClientTest.testMatchFailed failed unexpectedly:
  Traceback (most recent call last):
    File "/usr/local/google/home/sunxiaodi/Projects/chromium/src/third_party/catapult/third_party/mock/mock.py", line 1201, in patched
      return func(*args, **keywargs)
    File "/usr/local/google/home/sunxiaodi/Projects/chromium/src/third_party/catapult/dashboard/dashboard/sheriff_config_client_test.py", line 249, in testMatchFailed
      clt = sheriff_config_client.SheriffConfigClient()
    File "/usr/local/google/home/sunxiaodi/Projects/chromium/src/third_party/catapult/dashboard/dashboard/sheriff_config_client.py", line 40, in __init__
      from dashboard import sheriff_config_pb2
  ImportError: cannot import name sheriff_config_pb2
[1576/1667] short_uri_test.ShortUriTest.testGet_InvalidSID passed
[1577/1667] short_uri_test.ShortUriTest.testPost_NoPageState passed
[1578/1667] short_uri_test.ShortUriTest.testPostAndGet passed
[1579/1667] speed_releasing_test.SpeedReleasingTest.testGet_ShowPage passed
[1580/1667] short_uri_test.ShortUriTest.testUpgradeNew passed
[1581/1667] short_uri_test.ShortUriTest.testUpgradeOld passed
[1582/1667] pinpoint.models.tasks.run_t...torTest.testEvaluateToCompletion passed
[1583/1667] pinpoint.models.tasks.run_t...est.testEvaluateToCompletion_CAS passed
[1584/1667] pinpoint.models.tasks.run_t....testEvaluateHandleFailures_Hard passed
[1585/1667] services.request_test.Failu...yTest.testInternalTransientError passed
[1586/1667] speed_releasing_test.SpeedR..._ShowInternalTableToExternalUser passed
[1587/1667] speed_releasing_test.SpeedR...gTest.testPost_ShowInternalTable passed
[1588/1667] speed_releasing_test.SpeedR...tPost_TableWithLowMilestoneParam passed
[1589/1667] report_test.ReportTest.testPost_ContainsTestSuites passed
[1590/1667] speed_releasing_test.SpeedR...Post_TableWithHighMilestoneParam passed
[1591/1667] report_test.ReportTest.test...tedSubtestAndMissingSubTestParam passed
[1592/1667] report_test.ReportTest.testGet_OldUriMissingSubTest passed
[1593/1667] speed_releasing_test.SpeedR...ngTest.testPost_InternalListPage passed
[1594/1667] speed_releasing_test.SpeedR...testPost_TableWithMilestoneParam passed
[1595/1667] speed_releasing_test.SpeedR...t_InternalListPageToExternalUser passed
[1596/1667] speed_releasing_test.SpeedR...st_TableWithNewestMilestoneParam passed
[1597/1667] speed_releasing_test.SpeedR...st.testPost_TableWithNoRevParams passed
[1598/1667] speed_releasing_test.SpeedR...ableWithTableNameThatDoesntExist passed
[1599/1667] ttest_test.LookupPValueTest...stLookupPValue_ExactMatchInTable passed
[1600/1667] ttest_test.LookupPValueTest...geDegreesOfFreedom_LastRowIsUsed passed
[1601/1667] ttest_test.LookupPValueTest...lue_LargeTValue_LastColumnIsUsed passed
[1602/1667] ttest_test.LookupPValueTest...ue_SmallTValue_FirstColumnIsUsed passed
[1603/1667] ttest_test.LookupPValueTest...eenTwoValues_SmallerColumnIsUsed passed
[1604/1667] ttest_test.LookupPValueTest...lue_ZeroTValue_FirstColumnIsUsed passed
[1605/1667] ttest_test.LookupPValueTest...Values_SmallerRowAndColumnIsUsed passed
[1606/1667] ttest_test.LookupPValueTest...etweenTwoValues_SmallerRowIsUsed passed
[1607/1667] ttest_test.TTestTest.testDegreesOfFreedom passed
[1608/1667] ttest_test.TTestTest.testDe...fFreedom_SmallSample_RaisesError passed
[1609/1667] ttest_test.TTestTest.testDe...Freedom_ZeroVariance_ResultIsOne passed
[1610/1667] ttest_test.TTestTest.testTTest_DifferentMeanDifference passed
[1611/1667] ttest_test.TTestTest.testTTest_DifferentSampleSize passed
[1612/1667] ttest_test.TTestTest.testTTest_DifferentVariance passed
[1613/1667] ttest_test.TTestTest.testTTest_EqualSamples_PValueIsOne passed
[1614/1667] ttest_test.TTestTest.testTT...VeryDifferentSamples_PValueIsLow passed
[1615/1667] ttest_test.TTestTest.testTValue passed
[1616/1667] ttest_test.TTestTest.testTV...ConstantSamples_ResultIsInfinity passed
[1617/1667] ttest_test.TTestTest.testWelchsTTest passed
[1618/1667] ttest_test.TTestTest.testWelchsTTest_EmptySample_RaisesError passed
[1619/1667] units_to_direction_test.Uni...tingUnitNotInNewList_RemovesUnit passed
[1620/1667] units_to_direction_test.Uni...on_ExistingUnit_ChangesDirection passed
[1621/1667] units_to_direction_test.Uni...omJson_SetsImprovementDirections passed
[1622/1667] units_to_direction_test.Uni...UpdateFromJson_UnknownUnit_Added passed
[1623/1667] speed_releasing_test.SpeedR...WithOneRevParamBetweenMilestones passed
[1624/1667] speed_releasing_test.SpeedR...TableWithOneRevParamUniqueEndRev passed
[1625/1667] speed_releasing_test.SpeedR...bleWithNoRevParamsOnlyDownStream passed
[1626/1667] speed_releasing_test.SpeedR...estPost_TableWithRevParamHighRev passed
[1627/1667] speed_releasing_test.SpeedR...leWithRevParamEndRevAlsoStartRev passed
[1628/1667] update_dashboard_stats_test...t.testPost_ProcessAlerts_Success passed
[1629/1667] update_bug_with_results_tes...t.testMapAnomaliesToMergeIntoBug passed
[1630/1667] speed_releasing_test.SpeedR...testPost_TableWithRevParamLowRev passed
[1631/1667] speed_releasing_test.SpeedR...tPost_TableWithRevParamMiddleRev passed
[1632/1667] update_dashboard_stats_test....testPost_ProcessAlerts_NoAlerts passed
[1633/1667] speed_releasing_test.SpeedR....testPost_TableWithRevsParamHigh passed
[1634/1667] speed_releasing_test.SpeedR..._TableWithRevsParamSelfContained passed
[1635/1667] update_dashboard_stats_test...testPost_ProcessPinpoint_Success passed
[1636/1667] update_test_suites_test.Lis...stFetchCachedTestSuites_NotEmpty passed
[1637/1667] speed_releasing_test.SpeedR..._TableWithRevsParamTwoMilestones passed
[1638/1667] update_dashboard_stats_test...ost_ProcessPinpointStats_Success passed
[1639/1667] update_test_suite_descripto...uiteDescriptorsTest.testInternal passed
[1640/1667] update_dashboard_stats_test...stPost_ProcessPinpoint_NoResults passed
[1641/1667] update_test_suites_test.Lis...estSuitesTest.testGetSubTestPath passed
[1642/1667] update_test_suite_descripto...uiteDescriptorsTest.testCaseTags passed
[1643/1667] update_test_suites_test.Lis...SuitesTest.testPartialTestSuites passed
[1644/1667] uploads_info_test.UploadInfo.testGet_InvalidId passed
[1645/1667] update_test_suites_test.ListTestSuitesTest.testFetchSuites passed
[1646/1667] update_test_suites_test.Lis...t.testFetchSuites_BasicMonitored passed
[1647/1667] update_test_suites_test.Lis...estFetchSuites_AllDeprecatedBots passed
[1648/1667] uploads_info_test.UploadInfo.testGet_InvalidUser passed
[1649/1667] uploads_info_test.UploadInfo.testGet_NotFound passed
[1650/1667] uploads_info_test.UploadInfo.testGet_Success passed
[1651/1667] uploads_info_test.UploadInfo.testGet_SuccessLimitedInfo passed
[1652/1667] uploads_info_test.UploadInfo.testGet_SuccessWithMeasurements passed
[1653/1667] uploads_info_test.UploadInf...Get_SuccessWithTokenErrorMessage passed
[1654/1667] update_test_suites_test.Lis...Suites_Empty_UpdatesWhenFetching passed
[1655/1667] uploads_info_test.UploadInf...asurementsAndAssociatedHistogram passed
[1656/1667] uploads_info_test.UploadInf...ntsDimentionsAssociatedHistogram passed
[1657/1667] speed_releasing_test.SpeedR...easingTest.testPost_ReleaseNotes passed
[1658/1667] update_test_suites_test.Lis...testFetchSuites_DifferentMasters passed
[1659/1667] update_test_suites_test.Lis...tFetchSuites_SingleDeprecatedBot passed
[1660/1667] update_test_suites_test.Lis...estFetchSuites_MultipleMonitored passed
[1661/1667] update_test_suites_test.Lis...testFetchSuites_BasicDescription passed
[1662/1667] update_test_suites_test.Lis...SuitesTest.testPost_InternalOnly passed
[1663/1667] update_test_suites_test.Lis...sTest.testPost_ForcesCacheUpdate passed
[1664/1667] pinpoint.models.tasks.perfo...aluateSuccess_SpeculateBisection passed
[1665/1667] pinpoint.handlers.fifo_sche...hedulerTest.testJobSamplesCapped passed
[1666/1667] pinpoint.models.tasks.perfo...uateSuccess_NeedToRefineAttempts passed
[1667/1667] pinpoint.handlers.task_upda...st.testExecutionEngineJobUpdates passed
1646 tests passed, 11 skipped, 10 failures.
