{
  "comments": [
    {
      "unresolved": false,
      "key": {
        "uuid": "f59fcc63_4f62f278",
        "filename": "/PATCHSET_LEVEL",
        "patchSetId": 3
      },
      "lineNbr": 0,
      "author": {
        "id": 1161299
      },
      "writtenOn": "2021-05-31T22:29:57Z",
      "side": 1,
      "message": "I\u0027m still getting some errors after this change:\n\nFAILED: gen/content/browser/tracing/about_tracing.js gen/content/browser/tracing/about_tracing.html\nC:/src/depot_tools/bootstrap-2@3_8_10_chromium_17_bin/python3/bin/python3.exe ../../third_party/catapult/tracing/bin/generate_about_tracing_contents --outdir gen/content/browser/tracing\nD:\\src\\chrome\\src\\third_party\\catapult\\third_party\\beautifulsoup4-4.9.3\\py3k\\bs4\\element.py:15: UserWarning: The soupsieve package is not installed. CSS selectors cannot be used.\n  warnings.warn(\nrJSmin exited with error code 9009Traceback (most recent call last):\n  File \"../../third_party/catapult/tracing/bin/generate_about_tracing_contents\", line 14, in \u003cmodule\u003e\n    sys.exit(generate_about_tracing_contents.Main(sys.argv[1:]))\n  File \"D:\\src\\chrome\\src\\third_party\\catapult\\tracing\\tracing_build\\generate_about_tracing_contents.py\", line 55, in Main\n    py_vulcanize.GenerateJSToFile(\n  File \"D:\\src\\chrome\\src\\third_party\\catapult\\common\\py_vulcanize\\py_vulcanize\\generate.py\", line 142, in GenerateJSToFile\n    minified_js \u003d _MinifyJS(js)\n  File \"D:\\src\\chrome\\src\\third_party\\catapult\\common\\py_vulcanize\\py_vulcanize\\generate.py\", line 97, in _MinifyJS\n    sys.stderr.write(res[1])\nTypeError: write() argument must be str, not bytes\n[1373/36905] ACTION //third_party/libaom:libaom_nasm_action(//build/toolchain/win:win_clang_x86)\nninja: build stopped: subcommand failed.",
      "revId": "12d96cda9ccc11826cce0a6390cc55576838e6ce",
      "serverId": "3ce6091f-6c88-37e8-8c75-72f92ae8dfba"
    },
    {
      "unresolved": true,
      "key": {
        "uuid": "dcc9eaf3_171e0040",
        "filename": "/PATCHSET_LEVEL",
        "patchSetId": 3
      },
      "lineNbr": 0,
      "author": {
        "id": 1181219
      },
      "writtenOn": "2021-06-01T15:24:47Z",
      "side": 1,
      "message": "Looks like there is a bug on third_party\\catapult\\common\\py_vulcanize\\py_vulcanize\\generate.py\" line 97, where res[1] needs to be decoded into a string. I will submit a fix for that. However, this bug is encountered only if errorcode !\u003d 0, and that\u0027s why the error wasn\u0027t caught in CQ. There appears to be something else that\u0027s causing the subprocess to fail on your machine.",
      "parentUuid": "f59fcc63_4f62f278",
      "revId": "12d96cda9ccc11826cce0a6390cc55576838e6ce",
      "serverId": "3ce6091f-6c88-37e8-8c75-72f92ae8dfba"
    },
    {
      "unresolved": true,
      "key": {
        "uuid": "5eb40cc9_397ac85b",
        "filename": "/PATCHSET_LEVEL",
        "patchSetId": 3
      },
      "lineNbr": 0,
      "author": {
        "id": 1161299
      },
      "writtenOn": "2021-06-01T15:38:38Z",
      "side": 1,
      "message": "I think that the bug is that the soupsieve isn\u0027t installed. This should be done automatically though?",
      "parentUuid": "dcc9eaf3_171e0040",
      "revId": "12d96cda9ccc11826cce0a6390cc55576838e6ce",
      "serverId": "3ce6091f-6c88-37e8-8c75-72f92ae8dfba"
    },
    {
      "unresolved": true,
      "key": {
        "uuid": "017b9775_2fba63ad",
        "filename": "/PATCHSET_LEVEL",
        "patchSetId": 3
      },
      "lineNbr": 0,
      "author": {
        "id": 1181219
      },
      "writtenOn": "2021-06-01T15:44:19Z",
      "side": 1,
      "message": "I\u0027m not sure. Don\u0027t know enough about the inner workings of py_vulcanize.\n\ndproy@: Do you have any ideas?",
      "parentUuid": "5eb40cc9_397ac85b",
      "revId": "12d96cda9ccc11826cce0a6390cc55576838e6ce",
      "serverId": "3ce6091f-6c88-37e8-8c75-72f92ae8dfba"
    },
    {
      "unresolved": true,
      "key": {
        "uuid": "0ea81c71_e8107eea",
        "filename": "/PATCHSET_LEVEL",
        "patchSetId": 3
      },
      "lineNbr": 0,
      "author": {
        "id": 1177266
      },
      "writtenOn": "2021-06-01T15:58:21Z",
      "side": 1,
      "message": "Hm I think I\u0027ve always seen that soupsieve warning, so I don\u0027t believe that\u0027s the issue. Looks like what\u0027s failing is rjsmin - I wonder if the command like args is being malformed in some way due to python 3. Is this something that only happens in windows?",
      "parentUuid": "017b9775_2fba63ad",
      "revId": "12d96cda9ccc11826cce0a6390cc55576838e6ce",
      "serverId": "3ce6091f-6c88-37e8-8c75-72f92ae8dfba"
    },
    {
      "unresolved": true,
      "key": {
        "uuid": "8b546866_f3059a2c",
        "filename": "/PATCHSET_LEVEL",
        "patchSetId": 3
      },
      "lineNbr": 0,
      "author": {
        "id": 1177266
      },
      "writtenOn": "2021-06-01T15:58:51Z",
      "side": 1,
      "message": "command line args*",
      "parentUuid": "0ea81c71_e8107eea",
      "revId": "12d96cda9ccc11826cce0a6390cc55576838e6ce",
      "serverId": "3ce6091f-6c88-37e8-8c75-72f92ae8dfba"
    },
    {
      "unresolved": true,
      "key": {
        "uuid": "6da4a6b6_153484b9",
        "filename": "/PATCHSET_LEVEL",
        "patchSetId": 3
      },
      "lineNbr": 0,
      "author": {
        "id": 1161299
      },
      "writtenOn": "2021-06-01T16:00:02Z",
      "side": 1,
      "message": "It looks like https://chromium-review.googlesource.com/c/catapult/+/2929581 fixes the problem!",
      "parentUuid": "8b546866_f3059a2c",
      "revId": "12d96cda9ccc11826cce0a6390cc55576838e6ce",
      "serverId": "3ce6091f-6c88-37e8-8c75-72f92ae8dfba"
    },
    {
      "unresolved": true,
      "key": {
        "uuid": "18b91cee_3d4430f5",
        "filename": "/PATCHSET_LEVEL",
        "patchSetId": 3
      },
      "lineNbr": 0,
      "author": {
        "id": 1161299
      },
      "writtenOn": "2021-06-01T16:02:32Z",
      "side": 1,
      "message": "Spoke too soon, it\u0027s still failing :/ . It\u0027s happening on my Windows box, haven\u0027t tried on another machine.",
      "parentUuid": "6da4a6b6_153484b9",
      "revId": "12d96cda9ccc11826cce0a6390cc55576838e6ce",
      "serverId": "3ce6091f-6c88-37e8-8c75-72f92ae8dfba"
    },
    {
      "unresolved": true,
      "key": {
        "uuid": "1fc09db5_7e99bf83",
        "filename": "/PATCHSET_LEVEL",
        "patchSetId": 3
      },
      "lineNbr": 0,
      "author": {
        "id": 1161299
      },
      "writtenOn": "2021-06-01T16:09:23Z",
      "side": 1,
      "message": "The error is now :\n\nC:/src/depot_tools/bootstrap-2@3_8_10_chromium_17_bin/python3/bin/python3.exe ../../third_party/catapult/tracing/bin/generate_about_tracing_contents --outdir gen/content/browser/tracing\nD:\\src\\chrome\\src\\third_party\\catapult\\third_party\\beautifulsoup4-4.9.3\\py3k\\bs4\\element.py:15: UserWarning: The soupsieve package is not installed. CSS selectors cannot be used.\n  warnings.warn(\nrJSmin exited with error code 9009Python was not found; run without arguments to install from the Microsoft Store, or disable this shortcut from Settings \u003e Manage App Execution Aliases.\n\ndepot_tools is in my path and I have:\n\nD:\\src\\chrome\\src\u003ewhere python\nC:\\src\\depot_tools\\python.bat\nC:\\Users\\sebmarchand\\AppData\\Local\\Microsoft\\WindowsApps\\python.exe\n\nD:\\src\\chrome\\src\u003ewhere python3\nC:\\src\\depot_tools\\bootstrap-2@3_8_10_chromium_17_bin\\python3\\bin\\python3.exe\nC:\\src\\depot_tools\\python3.bat\nC:\\Users\\sebmarchand\\AppData\\Local\\Microsoft\\WindowsApps\\python3.exe",
      "parentUuid": "18b91cee_3d4430f5",
      "revId": "12d96cda9ccc11826cce0a6390cc55576838e6ce",
      "serverId": "3ce6091f-6c88-37e8-8c75-72f92ae8dfba"
    },
    {
      "unresolved": true,
      "key": {
        "uuid": "90169a23_e3ba625c",
        "filename": "/PATCHSET_LEVEL",
        "patchSetId": 3
      },
      "lineNbr": 0,
      "author": {
        "id": 1161299
      },
      "writtenOn": "2021-06-01T16:18:01Z",
      "side": 1,
      "message": "I think that the problem is with this line: https://source.chromium.org/chromium/chromium/src/+/main:third_party/catapult/common/py_vulcanize/py_vulcanize/generate.py;l\u003d86;drc\u003d12d96cda9ccc11826cce0a6390cc55576838e6ce , instead of using \u0027python\u0027 directly this should use sys.executable",
      "parentUuid": "1fc09db5_7e99bf83",
      "revId": "12d96cda9ccc11826cce0a6390cc55576838e6ce",
      "serverId": "3ce6091f-6c88-37e8-8c75-72f92ae8dfba"
    }
  ]
}